21:49:23.406 INFO  com.solvd.deliveryservice.threads.DBConnectionPool.getConnection() @37             - 5 available connections in the pool
21:49:23.421 INFO  com.solvd.deliveryservice.app.Main.run() @58             - pool-2-thread-1: Get Connection successful.
21:49:23.421 INFO  com.solvd.deliveryservice.app.Main.run() @58             - pool-2-thread-4: Get Connection successful.
21:49:23.421 INFO  com.solvd.deliveryservice.app.Main.run() @58             - pool-2-thread-5: Get Connection successful.
21:49:23.421 INFO  com.solvd.deliveryservice.app.Main.lambda$createTask11$0() @73             - pool-2-thread-7: Get Connection successful.
21:49:23.421 INFO  com.solvd.deliveryservice.app.Main.lambda$createTask11$0() @73             - pool-2-thread-6: Get Connection successful.
21:49:24.423 INFO  com.solvd.deliveryservice.app.Main.lambda$createTask11$0() @76             - pool-2-thread-7: Release Connection successful.
21:49:24.423 INFO  com.solvd.deliveryservice.app.Main.lambda$createTask11$0() @76             - pool-2-thread-6: Release Connection successful.
21:49:24.423 INFO  com.solvd.deliveryservice.app.Main.run() @58             - pool-2-thread-3: Get Connection successful.
21:49:24.423 INFO  com.solvd.deliveryservice.app.Main.run() @58             - pool-2-thread-2: Get Connection successful.
21:49:26.423 INFO  com.solvd.deliveryservice.app.Main.run() @61             - pool-2-thread-1: Release Connection successful.
21:49:26.424 INFO  com.solvd.deliveryservice.app.Main.run() @61             - pool-2-thread-4: Release Connection successful.
21:49:26.424 INFO  com.solvd.deliveryservice.app.Main.run() @61             - pool-2-thread-5: Release Connection successful.
21:49:27.439 INFO  com.solvd.deliveryservice.app.Main.run() @61             - pool-2-thread-2: Release Connection successful.
21:49:27.440 INFO  com.solvd.deliveryservice.app.Main.run() @61             - pool-2-thread-3: Release Connection successful.
21:49:27.444 INFO  com.solvd.deliveryservice.app.Main.run() @58             - ForkJoinPool.commonPool-worker-1: Get Connection successful.
21:49:27.445 INFO  com.solvd.deliveryservice.app.Main.lambda$createTask11$0() @73             - ForkJoinPool.commonPool-worker-2: Get Connection successful.
21:49:27.445 INFO  com.solvd.deliveryservice.app.Main.run() @58             - ForkJoinPool.commonPool-worker-3: Get Connection successful.
21:49:27.445 INFO  com.solvd.deliveryservice.app.Main.lambda$createTask11$0() @73             - ForkJoinPool.commonPool-worker-4: Get Connection successful.
21:49:27.447 INFO  com.solvd.deliveryservice.app.Main.run() @58             - ForkJoinPool.commonPool-worker-5: Get Connection successful.
21:49:28.454 INFO  com.solvd.deliveryservice.app.Main.lambda$createTask11$0() @76             - ForkJoinPool.commonPool-worker-2: Release Connection successful.
21:49:28.454 INFO  com.solvd.deliveryservice.app.Main.lambda$createTask11$0() @76             - ForkJoinPool.commonPool-worker-4: Release Connection successful.
21:49:28.454 INFO  com.solvd.deliveryservice.app.Main.lambda$createTask11$0() @73             - ForkJoinPool.commonPool-worker-6: Get Connection successful.
21:49:28.454 INFO  com.solvd.deliveryservice.app.Main.run() @58             - ForkJoinPool.commonPool-worker-7: Get Connection successful.
21:49:29.467 INFO  com.solvd.deliveryservice.app.Main.lambda$createTask11$0() @76             - ForkJoinPool.commonPool-worker-6: Release Connection successful.
21:49:30.448 INFO  com.solvd.deliveryservice.app.Main.run() @61             - ForkJoinPool.commonPool-worker-5: Release Connection successful.
21:49:30.451 INFO  com.solvd.deliveryservice.app.Main.run() @61             - ForkJoinPool.commonPool-worker-1: Release Connection successful.
21:49:30.451 INFO  com.solvd.deliveryservice.app.Main.run() @61             - ForkJoinPool.commonPool-worker-3: Release Connection successful.
21:49:31.462 INFO  com.solvd.deliveryservice.app.Main.run() @61             - ForkJoinPool.commonPool-worker-7: Release Connection successful.
21:50:27.261 INFO  com.solvd.deliveryservice.threads.DBConnectionPool.getConnection() @37             - 5 available connections in the pool
21:50:27.269 INFO  com.solvd.deliveryservice.app.Main.run() @58             - pool-2-thread-1: Get Connection successful.
21:50:27.270 INFO  com.solvd.deliveryservice.app.Main.run() @58             - pool-2-thread-5: Get Connection successful.
21:50:27.269 INFO  com.solvd.deliveryservice.app.Main.lambda$createTask11$0() @73             - pool-2-thread-6: Get Connection successful.
21:50:27.269 INFO  com.solvd.deliveryservice.app.Main.run() @58             - pool-2-thread-4: Get Connection successful.
21:50:27.269 INFO  com.solvd.deliveryservice.app.Main.lambda$createTask11$0() @73             - pool-2-thread-7: Get Connection successful.
21:50:28.271 INFO  com.solvd.deliveryservice.app.Main.lambda$createTask11$0() @76             - pool-2-thread-6: Release Connection successful.
21:50:28.271 INFO  com.solvd.deliveryservice.app.Main.run() @58             - pool-2-thread-2: Get Connection successful.
21:50:28.271 INFO  com.solvd.deliveryservice.app.Main.lambda$createTask11$0() @76             - pool-2-thread-7: Release Connection successful.
21:50:28.271 INFO  com.solvd.deliveryservice.app.Main.run() @58             - pool-2-thread-3: Get Connection successful.
21:50:30.271 INFO  com.solvd.deliveryservice.app.Main.run() @61             - pool-2-thread-1: Release Connection successful.
21:50:30.272 INFO  com.solvd.deliveryservice.app.Main.run() @61             - pool-2-thread-5: Release Connection successful.
21:50:30.272 INFO  com.solvd.deliveryservice.app.Main.run() @61             - pool-2-thread-4: Release Connection successful.
21:50:31.284 INFO  com.solvd.deliveryservice.app.Main.run() @61             - pool-2-thread-3: Release Connection successful.
21:50:31.284 INFO  com.solvd.deliveryservice.app.Main.run() @61             - pool-2-thread-2: Release Connection successful.
21:50:31.287 INFO  com.solvd.deliveryservice.app.Main.run() @58             - ForkJoinPool.commonPool-worker-2: Get Connection successful.
21:50:31.288 INFO  com.solvd.deliveryservice.app.Main.lambda$createTask11$0() @73             - ForkJoinPool.commonPool-worker-1: Get Connection successful.
21:50:31.288 INFO  com.solvd.deliveryservice.app.Main.run() @58             - ForkJoinPool.commonPool-worker-3: Get Connection successful.
21:50:31.289 INFO  com.solvd.deliveryservice.app.Main.lambda$createTask11$0() @73             - ForkJoinPool.commonPool-worker-4: Get Connection successful.
21:50:31.289 INFO  com.solvd.deliveryservice.app.Main.run() @58             - ForkJoinPool.commonPool-worker-5: Get Connection successful.
21:50:32.302 INFO  com.solvd.deliveryservice.app.Main.lambda$createTask11$0() @76             - ForkJoinPool.commonPool-worker-1: Release Connection successful.
21:50:32.302 INFO  com.solvd.deliveryservice.app.Main.lambda$createTask11$0() @76             - ForkJoinPool.commonPool-worker-4: Release Connection successful.
21:50:32.302 INFO  com.solvd.deliveryservice.app.Main.run() @58             - ForkJoinPool.commonPool-worker-7: Get Connection successful.
21:50:32.302 INFO  com.solvd.deliveryservice.app.Main.lambda$createTask11$0() @73             - ForkJoinPool.commonPool-worker-6: Get Connection successful.
21:50:33.309 INFO  com.solvd.deliveryservice.app.Main.lambda$createTask11$0() @76             - ForkJoinPool.commonPool-worker-6: Release Connection successful.
21:50:34.294 INFO  com.solvd.deliveryservice.app.Main.run() @61             - ForkJoinPool.commonPool-worker-5: Release Connection successful.
21:50:34.294 INFO  com.solvd.deliveryservice.app.Main.run() @61             - ForkJoinPool.commonPool-worker-2: Release Connection successful.
21:50:34.294 INFO  com.solvd.deliveryservice.app.Main.run() @61             - ForkJoinPool.commonPool-worker-3: Release Connection successful.
21:50:35.316 INFO  com.solvd.deliveryservice.app.Main.run() @61             - ForkJoinPool.commonPool-worker-7: Release Connection successful.
21:52:09.186 INFO  com.solvd.deliveryservice.threads.DBConnectionPool.getConnection() @37             - 5 available connections in the pool
21:52:09.192 INFO  com.solvd.deliveryservice.app.Main.run() @58             - pool-2-thread-1: Get Connection successful.
21:52:09.192 INFO  com.solvd.deliveryservice.app.Main.run() @58             - pool-2-thread-4: Get Connection successful.
21:52:09.192 INFO  com.solvd.deliveryservice.app.Main.lambda$createTask11$0() @73             - pool-2-thread-6: Get Connection successful.
21:52:09.192 INFO  com.solvd.deliveryservice.app.Main.lambda$createTask11$0() @73             - pool-2-thread-7: Get Connection successful.
21:52:09.192 INFO  com.solvd.deliveryservice.app.Main.run() @58             - pool-2-thread-5: Get Connection successful.
21:52:10.195 INFO  com.solvd.deliveryservice.app.Main.lambda$createTask11$0() @76             - pool-2-thread-6: Release Connection successful.
21:52:10.195 INFO  com.solvd.deliveryservice.app.Main.lambda$createTask11$0() @76             - pool-2-thread-7: Release Connection successful.
21:52:10.195 INFO  com.solvd.deliveryservice.app.Main.run() @58             - pool-2-thread-2: Get Connection successful.
21:52:10.195 INFO  com.solvd.deliveryservice.app.Main.run() @58             - pool-2-thread-3: Get Connection successful.
21:52:12.194 INFO  com.solvd.deliveryservice.app.Main.run() @61             - pool-2-thread-4: Release Connection successful.
21:52:12.194 INFO  com.solvd.deliveryservice.app.Main.run() @61             - pool-2-thread-1: Release Connection successful.
21:52:12.196 INFO  com.solvd.deliveryservice.app.Main.run() @61             - pool-2-thread-5: Release Connection successful.
21:52:13.208 INFO  com.solvd.deliveryservice.app.Main.run() @61             - pool-2-thread-2: Release Connection successful.
21:52:13.208 INFO  com.solvd.deliveryservice.app.Main.run() @61             - pool-2-thread-3: Release Connection successful.
21:52:13.211 INFO  com.solvd.deliveryservice.app.Main.run() @58             - ForkJoinPool.commonPool-worker-3: Get Connection successful.
21:52:13.212 INFO  com.solvd.deliveryservice.app.Main.run() @58             - ForkJoinPool.commonPool-worker-1: Get Connection successful.
21:52:13.212 INFO  com.solvd.deliveryservice.app.Main.lambda$createTask11$0() @73             - ForkJoinPool.commonPool-worker-2: Get Connection successful.
21:52:13.212 INFO  com.solvd.deliveryservice.app.Main.lambda$createTask11$0() @73             - ForkJoinPool.commonPool-worker-4: Get Connection successful.
21:52:13.213 INFO  com.solvd.deliveryservice.app.Main.run() @58             - ForkJoinPool.commonPool-worker-5: Get Connection successful.
21:52:14.226 INFO  com.solvd.deliveryservice.app.Main.lambda$createTask11$0() @76             - ForkJoinPool.commonPool-worker-4: Release Connection successful.
21:52:14.226 INFO  com.solvd.deliveryservice.app.Main.lambda$createTask11$0() @76             - ForkJoinPool.commonPool-worker-2: Release Connection successful.
21:52:14.226 INFO  com.solvd.deliveryservice.app.Main.lambda$createTask11$0() @73             - ForkJoinPool.commonPool-worker-6: Get Connection successful.
21:52:14.226 INFO  com.solvd.deliveryservice.app.Main.run() @58             - ForkJoinPool.commonPool-worker-7: Get Connection successful.
21:52:15.230 INFO  com.solvd.deliveryservice.app.Main.lambda$createTask11$0() @76             - ForkJoinPool.commonPool-worker-6: Release Connection successful.
21:52:16.215 INFO  com.solvd.deliveryservice.app.Main.run() @61             - ForkJoinPool.commonPool-worker-5: Release Connection successful.
21:52:16.218 INFO  com.solvd.deliveryservice.app.Main.run() @61             - ForkJoinPool.commonPool-worker-1: Release Connection successful.
21:52:16.218 INFO  com.solvd.deliveryservice.app.Main.run() @61             - ForkJoinPool.commonPool-worker-3: Release Connection successful.
21:52:17.236 INFO  com.solvd.deliveryservice.app.Main.run() @61             - ForkJoinPool.commonPool-worker-7: Release Connection successful.
22:15:55.500 INFO  com.solvd.deliveryservice.threads.DBConnectionPool.getConnection() @37             - 5 available connections in the pool
22:15:55.515 INFO  com.solvd.deliveryservice.app.Main.run() @58             - pool-2-thread-2: Get Connection successful.
22:15:55.515 INFO  com.solvd.deliveryservice.app.Main.run() @58             - pool-2-thread-5: Get Connection successful.
22:15:55.515 INFO  com.solvd.deliveryservice.app.Main.lambda$createTask11$0() @73             - pool-2-thread-7: Get Connection successful.
22:15:55.516 INFO  com.solvd.deliveryservice.app.Main.lambda$createTask11$0() @73             - pool-2-thread-6: Get Connection successful.
22:15:55.517 INFO  com.solvd.deliveryservice.app.Main.run() @58             - pool-2-thread-3: Get Connection successful.
22:15:56.519 INFO  com.solvd.deliveryservice.app.Main.lambda$createTask11$0() @76             - pool-2-thread-6: Release Connection successful.
22:15:56.519 INFO  com.solvd.deliveryservice.app.Main.lambda$createTask11$0() @76             - pool-2-thread-7: Release Connection successful.
22:15:56.519 INFO  com.solvd.deliveryservice.app.Main.run() @58             - pool-2-thread-4: Get Connection successful.
22:15:56.519 INFO  com.solvd.deliveryservice.app.Main.run() @58             - pool-2-thread-1: Get Connection successful.
22:15:58.518 INFO  com.solvd.deliveryservice.app.Main.run() @61             - pool-2-thread-5: Release Connection successful.
22:15:58.518 INFO  com.solvd.deliveryservice.app.Main.run() @61             - pool-2-thread-2: Release Connection successful.
22:15:58.520 INFO  com.solvd.deliveryservice.app.Main.run() @61             - pool-2-thread-3: Release Connection successful.
22:15:59.532 INFO  com.solvd.deliveryservice.app.Main.run() @61             - pool-2-thread-1: Release Connection successful.
22:15:59.532 INFO  com.solvd.deliveryservice.app.Main.run() @61             - pool-2-thread-4: Release Connection successful.
22:15:59.536 INFO  com.solvd.deliveryservice.app.Main.run() @58             - ForkJoinPool.commonPool-worker-1: Get Connection successful.
22:15:59.537 INFO  com.solvd.deliveryservice.app.Main.lambda$createTask11$0() @73             - ForkJoinPool.commonPool-worker-2: Get Connection successful.
22:15:59.537 INFO  com.solvd.deliveryservice.app.Main.run() @58             - ForkJoinPool.commonPool-worker-3: Get Connection successful.
22:15:59.538 INFO  com.solvd.deliveryservice.app.Main.lambda$createTask11$0() @73             - ForkJoinPool.commonPool-worker-4: Get Connection successful.
22:15:59.539 INFO  com.solvd.deliveryservice.app.Main.run() @58             - ForkJoinPool.commonPool-worker-5: Get Connection successful.
22:16:00.543 INFO  com.solvd.deliveryservice.app.Main.lambda$createTask11$0() @76             - ForkJoinPool.commonPool-worker-2: Release Connection successful.
22:16:00.543 INFO  com.solvd.deliveryservice.app.Main.lambda$createTask11$0() @76             - ForkJoinPool.commonPool-worker-4: Release Connection successful.
22:16:00.543 INFO  com.solvd.deliveryservice.app.Main.lambda$createTask11$0() @73             - ForkJoinPool.commonPool-worker-6: Get Connection successful.
22:16:00.544 INFO  com.solvd.deliveryservice.app.Main.run() @58             - ForkJoinPool.commonPool-worker-7: Get Connection successful.
22:16:01.558 INFO  com.solvd.deliveryservice.app.Main.lambda$createTask11$0() @76             - ForkJoinPool.commonPool-worker-6: Release Connection successful.
22:16:02.542 INFO  com.solvd.deliveryservice.app.Main.run() @61             - ForkJoinPool.commonPool-worker-3: Release Connection successful.
22:16:02.542 INFO  com.solvd.deliveryservice.app.Main.run() @61             - ForkJoinPool.commonPool-worker-5: Release Connection successful.
22:16:02.542 INFO  com.solvd.deliveryservice.app.Main.run() @61             - ForkJoinPool.commonPool-worker-1: Release Connection successful.
22:16:03.546 INFO  com.solvd.deliveryservice.app.Main.run() @61             - ForkJoinPool.commonPool-worker-7: Release Connection successful.
