14:36:10.311 INFO  app.com.solvd.deliveryservice.Main.createTask8() @53             - The dog ran to another dog. Another dog appeared and ran to the same dog.
14:36:10.326 INFO  app.com.solvd.deliveryservice.Main.createTask8() @65             - This file has 15 words.
14:36:10.326 INFO  app.com.solvd.deliveryservice.Main.createTask8() @66             - Unique words: 8 = {the=2, appeared=1, same=1, and=1, another=2, to=2, dog=4, ran=2}
15:23:27.932 INFO  app.com.solvd.deliveryservice.Main.createTask8() @53             - The dog ran to another dog. Another dog appeared and ran to the same dog.
15:23:27.957 INFO  app.com.solvd.deliveryservice.Main.createTask8() @65             - This file has 15 words.
15:23:27.964 INFO  app.com.solvd.deliveryservice.Main.createTask8() @66             - Unique words: 8 = {the=2, appeared=1, same=1, and=1, another=2, to=2, dog=4, ran=2}
16:58:19.888 INFO  app.com.solvd.deliveryservice.Main.createTask9() @45             - [2, 4]
17:01:04.767 INFO  app.com.solvd.deliveryservice.Main.createTask9() @42             - java.util.stream.ReferencePipeline$Head@15aab8c6
17:01:04.780 INFO  app.com.solvd.deliveryservice.Main.createTask9() @43             - [2, 4]
17:01:20.043 INFO  app.com.solvd.deliveryservice.Main.createTask9() @42             - java.util.stream.ReferencePipeline$Head@247d8ae
17:01:20.063 INFO  app.com.solvd.deliveryservice.Main.createTask9() @43             - [2, 4]
17:42:48.885 INFO  app.com.solvd.deliveryservice.Main.createTask9() @44             - acceptable weight.
17:43:25.036 INFO  app.com.solvd.deliveryservice.Main.createTask9() @44             - non-acceptable weight.
18:07:21.395 INFO  app.com.solvd.deliveryservice.Main.createTask9() @45             - non-acceptable weight.
18:07:21.404 INFO  app.com.solvd.deliveryservice.Main.createTask9() @49             - 711 class java.lang.Integer
18:15:36.979 INFO  app.com.solvd.deliveryservice.Main.createTask9() @46             - non-acceptable weight.
18:15:36.988 INFO  app.com.solvd.deliveryservice.Main.createTask9() @50             - 711 class java.lang.Integer
18:45:38.689 INFO  app.com.solvd.deliveryservice.Main.createTask9() @47             - non-acceptable weight.
18:45:38.698 INFO  app.com.solvd.deliveryservice.Main.createTask9() @51             - 711 class java.lang.Integer
18:45:38.700 INFO  app.com.solvd.deliveryservice.Main.lambda$createTask9$2() @54             - hello
18:45:38.701 INFO  app.com.solvd.deliveryservice.Main.lambda$createTask9$2() @54             - world
18:45:38.701 INFO  app.com.solvd.deliveryservice.Main.lambda$createTask9$2() @54             - java
18:45:38.704 INFO  app.com.solvd.deliveryservice.Main.createTask9() @58             - 17.98335645650714
18:54:02.099 INFO  app.com.solvd.deliveryservice.Main.createTask9() @44             - non-acceptable weight.
18:54:02.110 INFO  app.com.solvd.deliveryservice.Main.createTask9() @47             - true
18:54:02.111 INFO  app.com.solvd.deliveryservice.Main.createTask9() @53             - 711 class java.lang.Integer
18:54:02.112 INFO  app.com.solvd.deliveryservice.Main.lambda$createTask9$3() @56             - hello
18:54:02.113 INFO  app.com.solvd.deliveryservice.Main.lambda$createTask9$3() @56             - world
18:54:02.114 INFO  app.com.solvd.deliveryservice.Main.lambda$createTask9$3() @56             - java
18:54:02.115 INFO  app.com.solvd.deliveryservice.Main.createTask9() @60             - 5.730058536949519
18:55:18.556 INFO  app.com.solvd.deliveryservice.Main.createTask9() @43             - true
18:55:18.566 INFO  app.com.solvd.deliveryservice.Main.createTask9() @47             - 711 class java.lang.Integer
18:55:18.567 INFO  app.com.solvd.deliveryservice.Main.lambda$createTask9$2() @50             - hello
18:55:18.567 INFO  app.com.solvd.deliveryservice.Main.lambda$createTask9$2() @50             - world
18:55:18.568 INFO  app.com.solvd.deliveryservice.Main.lambda$createTask9$2() @50             - java
18:55:18.570 INFO  app.com.solvd.deliveryservice.Main.createTask9() @54             - 0.4785446744972892
18:55:18.571 INFO  app.com.solvd.deliveryservice.Main.createTask9() @58             - 6
18:56:50.071 INFO  app.com.solvd.deliveryservice.Main.createTask9() @43             - false
18:56:50.082 INFO  app.com.solvd.deliveryservice.Main.createTask9() @47             - 711 class java.lang.Integer
18:56:50.083 INFO  app.com.solvd.deliveryservice.Main.lambda$createTask9$2() @50             - hello
18:56:50.083 INFO  app.com.solvd.deliveryservice.Main.lambda$createTask9$2() @50             - world
18:56:50.084 INFO  app.com.solvd.deliveryservice.Main.lambda$createTask9$2() @50             - java
18:56:50.086 INFO  app.com.solvd.deliveryservice.Main.createTask9() @54             - 11.539753538425366
18:56:50.089 INFO  app.com.solvd.deliveryservice.Main.createTask9() @58             - 6
19:34:49.172 INFO  app.com.solvd.deliveryservice.Main.createTask9() @44             - false
19:34:49.182 INFO  app.com.solvd.deliveryservice.Main.createTask9() @48             - 711 class java.lang.Integer
19:34:49.183 INFO  app.com.solvd.deliveryservice.Main.lambda$createTask9$2() @51             - hello
19:34:49.184 INFO  app.com.solvd.deliveryservice.Main.lambda$createTask9$2() @51             - world
19:34:49.184 INFO  app.com.solvd.deliveryservice.Main.lambda$createTask9$2() @51             - java
19:34:49.186 INFO  app.com.solvd.deliveryservice.Main.createTask9() @55             - 15.254720306308773
19:34:49.188 INFO  app.com.solvd.deliveryservice.Main.createTask9() @59             - 6
19:34:49.190 INFO  app.com.solvd.deliveryservice.Main.createTask9() @71             - hell
19:38:19.319 INFO  app.com.solvd.deliveryservice.Main.createTask9() @44             - false
19:38:19.329 INFO  app.com.solvd.deliveryservice.Main.createTask9() @48             - 711 class java.lang.Integer
19:38:19.330 INFO  app.com.solvd.deliveryservice.Main.lambda$createTask9$2() @51             - hello
19:38:19.331 INFO  app.com.solvd.deliveryservice.Main.lambda$createTask9$2() @51             - world
19:38:19.331 INFO  app.com.solvd.deliveryservice.Main.lambda$createTask9$2() @51             - java
19:38:19.333 INFO  app.com.solvd.deliveryservice.Main.createTask9() @55             - 12.41505691135876
19:38:19.335 INFO  app.com.solvd.deliveryservice.Main.createTask9() @59             - 6
19:38:19.337 INFO  app.com.solvd.deliveryservice.Main.createTask9() @71             - hell0
19:52:19.173 INFO  app.com.solvd.deliveryservice.Main.createTask9() @45             - false
19:52:19.182 INFO  app.com.solvd.deliveryservice.Main.createTask9() @49             - 711 class java.lang.Integer
19:52:19.183 INFO  app.com.solvd.deliveryservice.Main.lambda$createTask9$2() @52             - hello
19:52:19.183 INFO  app.com.solvd.deliveryservice.Main.lambda$createTask9$2() @52             - world
19:52:19.184 INFO  app.com.solvd.deliveryservice.Main.lambda$createTask9$2() @52             - java
19:52:19.187 INFO  app.com.solvd.deliveryservice.Main.createTask9() @56             - 12.41525535326242
19:52:19.188 INFO  app.com.solvd.deliveryservice.Main.createTask9() @60             - 6
19:52:19.189 INFO  app.com.solvd.deliveryservice.Main.createTask9() @72             - hell0
19:53:11.283 INFO  app.com.solvd.deliveryservice.Main.createTask9() @45             - false
19:53:11.293 INFO  app.com.solvd.deliveryservice.Main.createTask9() @49             - 711 class java.lang.Integer
19:53:11.294 INFO  app.com.solvd.deliveryservice.Main.lambda$createTask9$2() @52             - hello
19:53:11.294 INFO  app.com.solvd.deliveryservice.Main.lambda$createTask9$2() @52             - world
19:53:11.294 INFO  app.com.solvd.deliveryservice.Main.lambda$createTask9$2() @52             - java
19:53:11.296 INFO  app.com.solvd.deliveryservice.Main.createTask9() @56             - 15.397984837927867
19:53:11.298 INFO  app.com.solvd.deliveryservice.Main.createTask9() @60             - 6
19:53:11.300 INFO  app.com.solvd.deliveryservice.Main.createTask9() @72             - hell0
19:54:05.622 INFO  app.com.solvd.deliveryservice.Main.createTask9() @45             - false
19:54:05.633 INFO  app.com.solvd.deliveryservice.Main.createTask9() @49             - 711 class java.lang.Integer
19:54:05.635 INFO  app.com.solvd.deliveryservice.Main.lambda$createTask9$2() @52             - hello
19:54:05.636 INFO  app.com.solvd.deliveryservice.Main.lambda$createTask9$2() @52             - world
19:54:05.636 INFO  app.com.solvd.deliveryservice.Main.lambda$createTask9$2() @52             - java
19:54:05.639 INFO  app.com.solvd.deliveryservice.Main.createTask9() @56             - 14.628610221633004
19:54:05.640 INFO  app.com.solvd.deliveryservice.Main.createTask9() @60             - 6
19:54:05.642 INFO  app.com.solvd.deliveryservice.Main.createTask9() @72             - hell0
19:57:51.136 INFO  app.com.solvd.deliveryservice.Main.createTask9() @45             - false
19:57:51.148 INFO  app.com.solvd.deliveryservice.Main.createTask9() @49             - 711 class java.lang.Integer
19:57:51.149 INFO  app.com.solvd.deliveryservice.Main.lambda$createTask9$2() @52             - hello
19:57:51.150 INFO  app.com.solvd.deliveryservice.Main.lambda$createTask9$2() @52             - world
19:57:51.151 INFO  app.com.solvd.deliveryservice.Main.lambda$createTask9$2() @52             - java
19:57:51.153 INFO  app.com.solvd.deliveryservice.Main.createTask9() @56             - 18.65778616608878
19:57:51.154 INFO  app.com.solvd.deliveryservice.Main.createTask9() @60             - 6
19:57:51.156 INFO  app.com.solvd.deliveryservice.Main.createTask9() @72             - hell0
19:58:37.379 INFO  app.com.solvd.deliveryservice.Main.createTask9() @45             - false
19:58:37.389 INFO  app.com.solvd.deliveryservice.Main.createTask9() @49             - 711 class java.lang.Integer
19:58:37.390 INFO  app.com.solvd.deliveryservice.Main.lambda$createTask9$2() @52             - hello
19:58:37.390 INFO  app.com.solvd.deliveryservice.Main.lambda$createTask9$2() @52             - world
19:58:37.390 INFO  app.com.solvd.deliveryservice.Main.lambda$createTask9$2() @52             - java
19:58:37.393 INFO  app.com.solvd.deliveryservice.Main.createTask9() @56             - 10.498206916709263
19:58:37.394 INFO  app.com.solvd.deliveryservice.Main.createTask9() @60             - 6
19:58:37.396 INFO  app.com.solvd.deliveryservice.Main.createTask9() @72             - hell0
19:59:15.441 INFO  app.com.solvd.deliveryservice.Main.createTask9() @45             - false
19:59:15.451 INFO  app.com.solvd.deliveryservice.Main.createTask9() @49             - 711 class java.lang.Integer
19:59:15.452 INFO  app.com.solvd.deliveryservice.Main.lambda$createTask9$2() @52             - hello
19:59:15.452 INFO  app.com.solvd.deliveryservice.Main.lambda$createTask9$2() @52             - world
19:59:15.453 INFO  app.com.solvd.deliveryservice.Main.lambda$createTask9$2() @52             - java
19:59:15.455 INFO  app.com.solvd.deliveryservice.Main.createTask9() @56             - 9.595123221266611
19:59:15.456 INFO  app.com.solvd.deliveryservice.Main.createTask9() @60             - 6
19:59:15.457 INFO  app.com.solvd.deliveryservice.Main.createTask9() @72             - hell0
19:59:15.461 INFO  app.com.solvd.deliveryservice.Main.createTask9() @78             - Is this person's address in Las Vegas? false
20:09:13.551 INFO  app.com.solvd.deliveryservice.Main.createTask9() @46             - false
20:09:13.561 INFO  app.com.solvd.deliveryservice.Main.createTask9() @50             - 711 class java.lang.Integer
20:09:13.562 INFO  app.com.solvd.deliveryservice.Main.lambda$createTask9$2() @53             - hello
20:09:13.563 INFO  app.com.solvd.deliveryservice.Main.lambda$createTask9$2() @53             - world
20:09:13.563 INFO  app.com.solvd.deliveryservice.Main.lambda$createTask9$2() @53             - java
20:09:13.565 INFO  app.com.solvd.deliveryservice.Main.createTask9() @57             - 0.41380048938886516
20:09:13.566 INFO  app.com.solvd.deliveryservice.Main.createTask9() @61             - 6
20:09:13.568 INFO  app.com.solvd.deliveryservice.Main.createTask9() @73             - hell0
20:09:13.571 INFO  app.com.solvd.deliveryservice.Main.createTask9() @79             - This person's address in Las Vegas? false
20:09:13.574 INFO  app.com.solvd.deliveryservice.Main.createTask9() @83             - Generate a random integer:app.com.solvd.deliveryservice.Main$$Lambda$125/0x0000000800d0f100@4d0f2471
20:10:11.821 INFO  app.com.solvd.deliveryservice.Main.createTask9() @46             - false
20:10:11.831 INFO  app.com.solvd.deliveryservice.Main.createTask9() @50             - 711 class java.lang.Integer
20:10:11.833 INFO  app.com.solvd.deliveryservice.Main.lambda$createTask9$2() @53             - hello
20:10:11.833 INFO  app.com.solvd.deliveryservice.Main.lambda$createTask9$2() @53             - world
20:10:11.834 INFO  app.com.solvd.deliveryservice.Main.lambda$createTask9$2() @53             - java
20:10:11.835 INFO  app.com.solvd.deliveryservice.Main.createTask9() @57             - 9.49742845676151
20:10:11.836 INFO  app.com.solvd.deliveryservice.Main.createTask9() @61             - 6
20:10:11.838 INFO  app.com.solvd.deliveryservice.Main.createTask9() @73             - hell0
20:10:11.842 INFO  app.com.solvd.deliveryservice.Main.createTask9() @79             - This person's address in Las Vegas? false
20:10:11.844 INFO  app.com.solvd.deliveryservice.Main.createTask9() @83             - Generate a random integer:app.com.solvd.deliveryservice.Main$$Lambda$125/0x0000000800d0f100@4d0f2471
20:11:44.809 INFO  app.com.solvd.deliveryservice.Main.createTask9() @46             - false
20:11:44.819 INFO  app.com.solvd.deliveryservice.Main.createTask9() @50             - 711 class java.lang.Integer
20:11:44.821 INFO  app.com.solvd.deliveryservice.Main.lambda$createTask9$2() @53             - hello
20:11:44.821 INFO  app.com.solvd.deliveryservice.Main.lambda$createTask9$2() @53             - world
20:11:44.822 INFO  app.com.solvd.deliveryservice.Main.lambda$createTask9$2() @53             - java
20:11:44.824 INFO  app.com.solvd.deliveryservice.Main.createTask9() @57             - 3.774747977926955
20:11:44.825 INFO  app.com.solvd.deliveryservice.Main.createTask9() @61             - 6
20:11:44.827 INFO  app.com.solvd.deliveryservice.Main.createTask9() @73             - hell0
20:11:44.832 INFO  app.com.solvd.deliveryservice.Main.createTask9() @79             - This person's address in Las Vegas? false
20:11:44.834 INFO  app.com.solvd.deliveryservice.Main.createTask9() @83             - Generate a random integer:app.com.solvd.deliveryservice.Main$$Lambda$125/0x0000000800d0f100@4d0f2471
20:12:26.348 INFO  app.com.solvd.deliveryservice.Main.createTask9() @46             - false
20:12:26.360 INFO  app.com.solvd.deliveryservice.Main.createTask9() @50             - 711 class java.lang.Integer
20:12:26.361 INFO  app.com.solvd.deliveryservice.Main.lambda$createTask9$2() @53             - hello
20:12:26.361 INFO  app.com.solvd.deliveryservice.Main.lambda$createTask9$2() @53             - world
20:12:26.362 INFO  app.com.solvd.deliveryservice.Main.lambda$createTask9$2() @53             - java
20:12:26.364 INFO  app.com.solvd.deliveryservice.Main.createTask9() @57             - 13.53591343454822
20:12:26.365 INFO  app.com.solvd.deliveryservice.Main.createTask9() @61             - 6
20:12:26.368 INFO  app.com.solvd.deliveryservice.Main.createTask9() @73             - hell0
20:12:26.372 INFO  app.com.solvd.deliveryservice.Main.createTask9() @79             - This person's address in Las Vegas? false
20:12:26.374 INFO  app.com.solvd.deliveryservice.Main.createTask9() @83             - Generate a random integer:app.com.solvd.deliveryservice.Main$$Lambda$125/0x0000000800d0f100@4d0f2471
20:12:47.471 INFO  app.com.solvd.deliveryservice.Main.createTask9() @46             - false
20:12:47.481 INFO  app.com.solvd.deliveryservice.Main.createTask9() @50             - 711 class java.lang.Integer
20:12:47.482 INFO  app.com.solvd.deliveryservice.Main.lambda$createTask9$2() @53             - hello
20:12:47.484 INFO  app.com.solvd.deliveryservice.Main.lambda$createTask9$2() @53             - world
20:12:47.484 INFO  app.com.solvd.deliveryservice.Main.lambda$createTask9$2() @53             - java
20:12:47.486 INFO  app.com.solvd.deliveryservice.Main.createTask9() @57             - 6.079452082104276
20:12:47.487 INFO  app.com.solvd.deliveryservice.Main.createTask9() @61             - 6
20:12:47.489 INFO  app.com.solvd.deliveryservice.Main.createTask9() @73             - hell0
20:12:47.492 INFO  app.com.solvd.deliveryservice.Main.createTask9() @79             - This person's address in Las Vegas? false
20:12:47.494 INFO  app.com.solvd.deliveryservice.Main.createTask9() @83             - Generate a random integer:21
20:12:51.885 INFO  app.com.solvd.deliveryservice.Main.createTask9() @46             - false
20:12:51.895 INFO  app.com.solvd.deliveryservice.Main.createTask9() @50             - 711 class java.lang.Integer
20:12:51.896 INFO  app.com.solvd.deliveryservice.Main.lambda$createTask9$2() @53             - hello
20:12:51.896 INFO  app.com.solvd.deliveryservice.Main.lambda$createTask9$2() @53             - world
20:12:51.897 INFO  app.com.solvd.deliveryservice.Main.lambda$createTask9$2() @53             - java
20:12:51.899 INFO  app.com.solvd.deliveryservice.Main.createTask9() @57             - 12.75112849654968
20:12:51.900 INFO  app.com.solvd.deliveryservice.Main.createTask9() @61             - 6
20:12:51.901 INFO  app.com.solvd.deliveryservice.Main.createTask9() @73             - hell0
20:12:51.905 INFO  app.com.solvd.deliveryservice.Main.createTask9() @79             - This person's address in Las Vegas? false
20:12:51.907 INFO  app.com.solvd.deliveryservice.Main.createTask9() @83             - Generate a random integer:83
21:24:17.469 INFO  app.com.solvd.deliveryservice.Main.createTask9() @44             - false
21:24:17.480 INFO  app.com.solvd.deliveryservice.Main.createTask9() @48             - 711 class java.lang.Integer
21:24:17.483 INFO  app.com.solvd.deliveryservice.Main.lambda$createTask9$2() @51             - hello
21:24:17.484 INFO  app.com.solvd.deliveryservice.Main.lambda$createTask9$2() @51             - world
21:24:17.484 INFO  app.com.solvd.deliveryservice.Main.lambda$createTask9$2() @51             - java
21:24:17.486 INFO  app.com.solvd.deliveryservice.Main.createTask9() @55             - 5.951274211190102
21:24:17.486 INFO  app.com.solvd.deliveryservice.Main.createTask9() @59             - 6
21:24:17.492 INFO  app.com.solvd.deliveryservice.Main.createTask9() @66             - This person's address in Las Vegas? false
21:24:17.494 INFO  app.com.solvd.deliveryservice.Main.createTask9() @77             - hell0
21:24:17.496 INFO  app.com.solvd.deliveryservice.Main.createTask9() @80             - Generate a random integer:75
21:24:17.496 INFO  app.com.solvd.deliveryservice.Main.createTask9() @84             - VERY_HEAVY
21:26:03.805 INFO  app.com.solvd.deliveryservice.Main.createTask9() @44             - false
21:26:03.816 INFO  app.com.solvd.deliveryservice.Main.createTask9() @48             - 711 class java.lang.Integer
21:26:03.819 INFO  app.com.solvd.deliveryservice.Main.lambda$createTask9$2() @51             - hello
21:26:03.819 INFO  app.com.solvd.deliveryservice.Main.lambda$createTask9$2() @51             - world
21:26:03.819 INFO  app.com.solvd.deliveryservice.Main.lambda$createTask9$2() @51             - java
21:26:03.822 INFO  app.com.solvd.deliveryservice.Main.createTask9() @55             - 8.665168755196648
21:26:03.823 INFO  app.com.solvd.deliveryservice.Main.createTask9() @59             - 6
21:26:03.827 INFO  app.com.solvd.deliveryservice.Main.createTask9() @66             - This person's address in Las Vegas? false
21:26:03.829 INFO  app.com.solvd.deliveryservice.Main.createTask9() @77             - hell0
21:26:03.831 INFO  app.com.solvd.deliveryservice.Main.createTask9() @80             - Generate a random integer:20
21:26:03.842 INFO  app.com.solvd.deliveryservice.Main.createTask9() @84             - A VERY_HEAVY package weights between 150.0 to 150.0
21:26:42.238 INFO  app.com.solvd.deliveryservice.Main.createTask9() @44             - false
21:26:42.248 INFO  app.com.solvd.deliveryservice.Main.createTask9() @48             - 711 class java.lang.Integer
21:26:42.249 INFO  app.com.solvd.deliveryservice.Main.lambda$createTask9$2() @51             - hello
21:26:42.250 INFO  app.com.solvd.deliveryservice.Main.lambda$createTask9$2() @51             - world
21:26:42.250 INFO  app.com.solvd.deliveryservice.Main.lambda$createTask9$2() @51             - java
21:26:42.252 INFO  app.com.solvd.deliveryservice.Main.createTask9() @55             - 16.4432365144923
21:26:42.253 INFO  app.com.solvd.deliveryservice.Main.createTask9() @59             - 6
21:26:42.257 INFO  app.com.solvd.deliveryservice.Main.createTask9() @66             - This person's address in Las Vegas? false
21:26:42.260 INFO  app.com.solvd.deliveryservice.Main.createTask9() @77             - hell0
21:26:42.262 INFO  app.com.solvd.deliveryservice.Main.createTask9() @80             - Generate a random integer:18
21:26:42.271 INFO  app.com.solvd.deliveryservice.Main.createTask9() @84             - A VERY_HEAVY package weights between 150.0 to 250.0
21:27:33.480 INFO  app.com.solvd.deliveryservice.Main.createTask9() @44             - false
21:27:33.491 INFO  app.com.solvd.deliveryservice.Main.createTask9() @48             - 711 class java.lang.Integer
21:27:33.492 INFO  app.com.solvd.deliveryservice.Main.lambda$createTask9$2() @51             - hello
21:27:33.493 INFO  app.com.solvd.deliveryservice.Main.lambda$createTask9$2() @51             - world
21:27:33.493 INFO  app.com.solvd.deliveryservice.Main.lambda$createTask9$2() @51             - java
21:27:33.495 INFO  app.com.solvd.deliveryservice.Main.createTask9() @55             - 16.68346955378452
21:27:33.496 INFO  app.com.solvd.deliveryservice.Main.createTask9() @59             - 6
21:27:33.500 INFO  app.com.solvd.deliveryservice.Main.createTask9() @66             - This person's address in Las Vegas? false
21:27:33.502 INFO  app.com.solvd.deliveryservice.Main.createTask9() @77             - hell0
21:27:33.504 INFO  app.com.solvd.deliveryservice.Main.createTask9() @80             - Generate a random integer:30
21:27:33.514 INFO  app.com.solvd.deliveryservice.Main.createTask9() @83             - A VERY_HEAVY package weights between 150.0 to 250.0
21:28:30.414 INFO  app.com.solvd.deliveryservice.Main.createTask8() @53             - The dog ran to another dog. Another dog appeared and ran to the same dog.
21:28:30.414 INFO  app.com.solvd.deliveryservice.Main.createTask8() @65             - This file has 15 words.
21:28:30.414 INFO  app.com.solvd.deliveryservice.Main.createTask8() @66             - Unique words: 8 = {the=2, appeared=1, same=1, and=1, another=2, to=2, dog=4, ran=2}
21:29:09.520 INFO  app.com.solvd.deliveryservice.Main.createTask9() @44             - false
21:29:09.535 INFO  app.com.solvd.deliveryservice.Main.createTask9() @48             - 711 class java.lang.Integer
21:29:09.535 INFO  app.com.solvd.deliveryservice.Main.lambda$createTask9$2() @51             - hello
21:29:09.535 INFO  app.com.solvd.deliveryservice.Main.lambda$createTask9$2() @51             - world
21:29:09.535 INFO  app.com.solvd.deliveryservice.Main.lambda$createTask9$2() @51             - java
21:29:09.535 INFO  app.com.solvd.deliveryservice.Main.createTask9() @55             - 12.13329840349618
21:29:09.535 INFO  app.com.solvd.deliveryservice.Main.createTask9() @59             - 6
21:29:09.535 INFO  app.com.solvd.deliveryservice.Main.createTask9() @66             - This person's address in Las Vegas? false
21:29:09.535 INFO  app.com.solvd.deliveryservice.Main.createTask9() @77             - hell0
21:29:09.535 INFO  app.com.solvd.deliveryservice.Main.createTask9() @80             - Generate a random integer:96
21:29:09.535 INFO  app.com.solvd.deliveryservice.Main.createTask9() @83             - A VERY_HEAVY package weights between 150.0 to 250.0
21:30:12.133 INFO  app.com.solvd.deliveryservice.Main.createTask9() @44             - false
21:30:12.141 INFO  app.com.solvd.deliveryservice.Main.createTask9() @48             - 711 class java.lang.Integer
21:30:12.142 INFO  app.com.solvd.deliveryservice.Main.lambda$createTask9$2() @51             - hello
21:30:12.143 INFO  app.com.solvd.deliveryservice.Main.lambda$createTask9$2() @51             - world
21:30:12.143 INFO  app.com.solvd.deliveryservice.Main.lambda$createTask9$2() @51             - java
21:30:12.145 INFO  app.com.solvd.deliveryservice.Main.createTask9() @55             - 10.308066826802424
21:30:12.146 INFO  app.com.solvd.deliveryservice.Main.createTask9() @59             - 6
21:30:12.149 INFO  app.com.solvd.deliveryservice.Main.createTask9() @66             - This person's address in Las Vegas? false
21:30:12.150 INFO  app.com.solvd.deliveryservice.Main.createTask9() @77             - hell0
21:30:12.153 INFO  app.com.solvd.deliveryservice.Main.createTask9() @80             - Generate a random integer:18
21:30:12.162 INFO  app.com.solvd.deliveryservice.Main.createTask9() @83             - A VERY_HEAVY package weights between 150.0 to 250.0
21:30:12.174 INFO  app.com.solvd.deliveryservice.Main.createTask8() @98             - The dog ran to another dog. Another dog appeared and ran to the same dog.
21:30:12.178 INFO  app.com.solvd.deliveryservice.Main.createTask8() @110             - This file has 15 words.
21:30:12.181 INFO  app.com.solvd.deliveryservice.Main.createTask8() @111             - Unique words: 8 = {the=2, appeared=1, same=1, and=1, another=2, to=2, dog=4, ran=2}
21:31:12.961 INFO  app.com.solvd.deliveryservice.Main.createTask9() @45             - false
21:31:12.971 INFO  app.com.solvd.deliveryservice.Main.createTask9() @49             - 711 class java.lang.Integer
21:31:12.972 INFO  app.com.solvd.deliveryservice.Main.lambda$createTask9$2() @52             - hello
21:31:12.973 INFO  app.com.solvd.deliveryservice.Main.lambda$createTask9$2() @52             - world
21:31:12.974 INFO  app.com.solvd.deliveryservice.Main.lambda$createTask9$2() @52             - java
21:31:12.976 INFO  app.com.solvd.deliveryservice.Main.createTask9() @56             - 0.03149894044179158
21:31:12.977 INFO  app.com.solvd.deliveryservice.Main.createTask9() @60             - 6
21:31:12.980 INFO  app.com.solvd.deliveryservice.Main.createTask9() @67             - This person's address in Las Vegas? false
21:31:12.982 INFO  app.com.solvd.deliveryservice.Main.createTask9() @78             - hell0
21:31:12.984 INFO  app.com.solvd.deliveryservice.Main.createTask9() @81             - Generate a random integer:74
21:31:12.992 INFO  app.com.solvd.deliveryservice.Main.createTask9() @84             - A VERY_HEAVY package weights between 150.0 to 250.0
21:31:12.994 INFO  app.com.solvd.deliveryservice.Main.main() @29             - ****************************************************************
21:31:13.007 INFO  app.com.solvd.deliveryservice.Main.createTask8() @99             - The dog ran to another dog. Another dog appeared and ran to the same dog.
21:31:13.010 INFO  app.com.solvd.deliveryservice.Main.createTask8() @111             - This file has 15 words.
21:31:13.014 INFO  app.com.solvd.deliveryservice.Main.createTask8() @112             - Unique words: 8 = {the=2, appeared=1, same=1, and=1, another=2, to=2, dog=4, ran=2}
21:32:18.634 INFO  app.com.solvd.deliveryservice.Main.createTask9() @41             - ************************ Task 9 ****************************************
21:32:18.646 INFO  app.com.solvd.deliveryservice.Main.createTask9() @44             - false
21:32:18.647 INFO  app.com.solvd.deliveryservice.Main.createTask9() @48             - 711 class java.lang.Integer
21:32:18.648 INFO  app.com.solvd.deliveryservice.Main.lambda$createTask9$2() @51             - hello
21:32:18.649 INFO  app.com.solvd.deliveryservice.Main.lambda$createTask9$2() @51             - world
21:32:18.649 INFO  app.com.solvd.deliveryservice.Main.lambda$createTask9$2() @51             - java
21:32:18.651 INFO  app.com.solvd.deliveryservice.Main.createTask9() @55             - 20.5967767048165
21:32:18.652 INFO  app.com.solvd.deliveryservice.Main.createTask9() @59             - 6
21:32:18.656 INFO  app.com.solvd.deliveryservice.Main.createTask9() @66             - This person's address in Las Vegas? false
21:32:18.658 INFO  app.com.solvd.deliveryservice.Main.createTask9() @77             - hell0
21:32:18.659 INFO  app.com.solvd.deliveryservice.Main.createTask9() @80             - Generate a random integer:78
21:32:18.669 INFO  app.com.solvd.deliveryservice.Main.createTask9() @83             - A VERY_HEAVY package weights between 150.0 to 250.0
21:32:18.670 INFO  app.com.solvd.deliveryservice.Main.createTask8() @95             - ************************ Task 8 ****************************************
21:32:18.685 INFO  app.com.solvd.deliveryservice.Main.createTask8() @98             - The dog ran to another dog. Another dog appeared and ran to the same dog.
21:32:18.688 INFO  app.com.solvd.deliveryservice.Main.createTask8() @110             - This file has 15 words.
21:32:18.692 INFO  app.com.solvd.deliveryservice.Main.createTask8() @111             - Unique words: 8 = {the=2, appeared=1, same=1, and=1, another=2, to=2, dog=4, ran=2}
21:33:03.840 INFO  app.com.solvd.deliveryservice.Main.createTask9() @42             - ************************ Task 9 ****************************************
21:33:03.850 INFO  app.com.solvd.deliveryservice.Main.createTask9() @45             - false
21:33:03.851 INFO  app.com.solvd.deliveryservice.Main.createTask9() @49             - 711 class java.lang.Integer
21:33:03.852 INFO  app.com.solvd.deliveryservice.Main.lambda$createTask9$2() @52             - hello
21:33:03.853 INFO  app.com.solvd.deliveryservice.Main.lambda$createTask9$2() @52             - world
21:33:03.853 INFO  app.com.solvd.deliveryservice.Main.lambda$createTask9$2() @52             - java
21:33:03.855 INFO  app.com.solvd.deliveryservice.Main.createTask9() @56             - 13.928932371740109
21:33:03.857 INFO  app.com.solvd.deliveryservice.Main.createTask9() @60             - 6
21:33:03.861 INFO  app.com.solvd.deliveryservice.Main.createTask9() @67             - This person's address in Las Vegas? false
21:33:03.863 INFO  app.com.solvd.deliveryservice.Main.createTask9() @78             - hell0
21:33:03.864 INFO  app.com.solvd.deliveryservice.Main.createTask9() @81             - Generate a random integer:4
21:33:03.874 INFO  app.com.solvd.deliveryservice.Main.createTask9() @84             - A VERY_HEAVY package weights between 150.0 to 250.0
21:33:03.874 INFO  app.com.solvd.deliveryservice.Main.createTask8() @97             - ************************ Task 8 ****************************************
21:33:03.887 INFO  app.com.solvd.deliveryservice.Main.createTask8() @100             - The dog ran to another dog. Another dog appeared and ran to the same dog.
21:33:03.891 INFO  app.com.solvd.deliveryservice.Main.createTask8() @112             - This file has 15 words.
21:33:03.893 INFO  app.com.solvd.deliveryservice.Main.createTask8() @113             - Unique words: 8 = {the=2, appeared=1, same=1, and=1, another=2, to=2, dog=4, ran=2}
21:33:54.359 INFO  app.com.solvd.deliveryservice.Main.createTask9() @42             - ************************ Task 9 ****************************************
21:33:54.362 INFO  app.com.solvd.deliveryservice.Main.createTask9() @45             - false
21:33:54.363 INFO  app.com.solvd.deliveryservice.Main.createTask9() @49             - 711 class java.lang.Integer
21:33:54.363 INFO  app.com.solvd.deliveryservice.Main.lambda$createTask9$2() @52             - hello
21:33:54.364 INFO  app.com.solvd.deliveryservice.Main.lambda$createTask9$2() @52             - world
21:33:54.364 INFO  app.com.solvd.deliveryservice.Main.lambda$createTask9$2() @52             - java
21:33:54.365 INFO  app.com.solvd.deliveryservice.Main.createTask9() @56             - 13.571229343053409
21:33:54.366 INFO  app.com.solvd.deliveryservice.Main.createTask9() @60             - 6
21:33:54.367 INFO  app.com.solvd.deliveryservice.Main.createTask9() @67             - This person's address in Las Vegas? false
21:33:54.368 INFO  app.com.solvd.deliveryservice.Main.createTask9() @78             - hell0
21:33:54.369 INFO  app.com.solvd.deliveryservice.Main.createTask9() @81             - Generate a random integer:88
21:33:54.371 INFO  app.com.solvd.deliveryservice.Main.createTask9() @84             - A VERY_HEAVY package weights between 150.0 to 250.0
21:33:54.372 INFO  app.com.solvd.deliveryservice.Main.createTask8() @97             - ************************ Task 8 ****************************************
21:33:54.379 INFO  app.com.solvd.deliveryservice.Main.createTask8() @100             - The dog ran to another dog. Another dog appeared and ran to the same dog.
21:33:54.382 INFO  app.com.solvd.deliveryservice.Main.createTask8() @112             - This file has 15 words.
21:33:54.386 INFO  app.com.solvd.deliveryservice.Main.createTask8() @113             - Unique words: 8 = {the=2, appeared=1, same=1, and=1, another=2, to=2, dog=4, ran=2}
21:35:13.976 INFO  app.com.solvd.deliveryservice.Main.createTask9() @42             - ************************ Task 9 ****************************************
21:35:13.986 INFO  app.com.solvd.deliveryservice.Main.createTask9() @45             - false
21:35:13.987 INFO  app.com.solvd.deliveryservice.Main.createTask9() @49             - 711 class java.lang.Integer
21:35:13.988 INFO  app.com.solvd.deliveryservice.Main.lambda$createTask9$2() @52             - hello
21:35:13.989 INFO  app.com.solvd.deliveryservice.Main.lambda$createTask9$2() @52             - world
21:35:13.989 INFO  app.com.solvd.deliveryservice.Main.lambda$createTask9$2() @52             - java
21:35:13.991 INFO  app.com.solvd.deliveryservice.Main.createTask9() @56             - 14.068591517620057
21:35:13.992 INFO  app.com.solvd.deliveryservice.Main.createTask9() @60             - 6
21:35:13.995 INFO  app.com.solvd.deliveryservice.Main.createTask9() @67             - This person's address in Las Vegas? false
21:35:13.997 INFO  app.com.solvd.deliveryservice.Main.createTask9() @78             - hell0
21:35:13.998 INFO  app.com.solvd.deliveryservice.Main.createTask9() @81             - Generate a random integer:17
21:35:14.008 INFO  app.com.solvd.deliveryservice.Main.createTask9() @84             - A VERY_HEAVY package weights between 150.0 to 250.0
21:35:14.008 INFO  app.com.solvd.deliveryservice.Main.createTask8() @97             - ************************ Task 8 ****************************************
21:35:14.022 INFO  app.com.solvd.deliveryservice.Main.createTask8() @100             - The dog ran to another dog. Another dog appeared and ran to the same dog.
21:35:14.025 INFO  app.com.solvd.deliveryservice.Main.createTask8() @112             - This file has 15 words.
21:35:14.028 INFO  app.com.solvd.deliveryservice.Main.createTask8() @113             - Unique words: 8 = {the=2, appeared=1, same=1, and=1, another=2, to=2, dog=4, ran=2}
21:35:23.506 INFO  app.com.solvd.deliveryservice.Main.createTask9() @42             - ************************ Task 9 ****************************************
21:35:23.509 INFO  app.com.solvd.deliveryservice.Main.createTask9() @45             - false
21:35:23.510 INFO  app.com.solvd.deliveryservice.Main.createTask9() @49             - 711 class java.lang.Integer
21:35:23.510 INFO  app.com.solvd.deliveryservice.Main.lambda$createTask9$2() @52             - hello
21:35:23.511 INFO  app.com.solvd.deliveryservice.Main.lambda$createTask9$2() @52             - world
21:35:23.511 INFO  app.com.solvd.deliveryservice.Main.lambda$createTask9$2() @52             - java
21:35:23.512 INFO  app.com.solvd.deliveryservice.Main.createTask9() @56             - 16.995615920797107
21:35:23.513 INFO  app.com.solvd.deliveryservice.Main.createTask9() @60             - 6
21:35:23.514 INFO  app.com.solvd.deliveryservice.Main.createTask9() @67             - This person's address in Las Vegas? false
21:35:23.515 INFO  app.com.solvd.deliveryservice.Main.createTask9() @78             - hell0
21:35:23.515 INFO  app.com.solvd.deliveryservice.Main.createTask9() @81             - Generate a random integer:79
21:35:23.517 INFO  app.com.solvd.deliveryservice.Main.createTask9() @84             - A VERY_HEAVY package weights between 150.0 to 250.0
21:35:23.518 INFO  app.com.solvd.deliveryservice.Main.createTask8() @97             - ************************ Task 8 ****************************************
21:35:23.525 INFO  app.com.solvd.deliveryservice.Main.createTask8() @100             - The dog ran to another dog. Another dog appeared and ran to the same dog.
21:35:23.527 INFO  app.com.solvd.deliveryservice.Main.createTask8() @112             - This file has 15 words.
21:35:23.529 INFO  app.com.solvd.deliveryservice.Main.createTask8() @113             - Unique words: 8 = {the=2, appeared=1, same=1, and=1, another=2, to=2, dog=4, ran=2}
