11:38:41.057 INFO  collections.com.solvd.deliveryservice.LinkedList.show() @52             - Driver{licenseNumber='null'} Employee{employeeId='null', salary=0.0, bankAccount='null'} Person{firstName='Pepito', lastName='null', age=null}
11:38:41.073 INFO  collections.com.solvd.deliveryservice.LinkedList.show() @52             - Driver{licenseNumber='null'} Employee{employeeId='null', salary=0.0, bankAccount='null'} Person{firstName='Luigi', lastName='null', age=null}
11:38:41.073 INFO  collections.com.solvd.deliveryservice.LinkedList.show() @52             - Driver{licenseNumber='null'} Employee{employeeId='null', salary=0.0, bankAccount='null'} Person{firstName='Bowser', lastName='null', age=null}
11:38:41.074 INFO  collections.com.solvd.deliveryservice.LinkedList.show() @55             - Supervisor{Employee{employeeId='null', salary=0.0, bankAccount='null'} Person{firstName='Mario', lastName='null', age=null}
11:38:41.076 INFO  collections.com.solvd.deliveryservice.PeopleLinkedList.show() @56             - Driver{licenseNumber='null'} Employee{employeeId='null', salary=0.0, bankAccount='null'} Person{firstName='Luigi', lastName='null', age=null}
11:38:41.080 FATAL app.com.solvd.deliveryservice.Main.createTask5() @86             - This is an FATAL level log message!
11:38:41.080 ERROR app.com.solvd.deliveryservice.Main.createTask5() @87             - This is an ERROR level log message!
11:38:41.081 WARN  app.com.solvd.deliveryservice.Main.createTask5() @88             - This is an WARN level log message
11:38:41.081 INFO  app.com.solvd.deliveryservice.Main.createTask5() @89             - This is an INFO level log message
11:38:41.081 DEBUG app.com.solvd.deliveryservice.Main.createTask5() @90             - This is an DEBUG level log message
11:38:41.082 TRACE app.com.solvd.deliveryservice.Main.createTask5() @91             - This is an TRACE level log message
11:38:41.084 ERROR app.com.solvd.deliveryservice.Truck.refuel() @88             - InvalidFuelTypeException: Wrong Fuel Type
11:38:41.085 ERROR app.com.solvd.deliveryservice.Truck.setMileage() @71             - InvalidAmountException: Invalid amount.
11:38:41.085 ERROR app.com.solvd.deliveryservice.Truck.setId() @36             - InvalidIDException: Can't use this ID.
11:38:41.085 ERROR app.com.solvd.deliveryservice.Person.setFirstName() @38             - InvalidNameException: Name can't exceed of 20 characters
16:16:28.415 INFO  app.com.solvd.deliveryservice.Main.createTask8() @46             - Java is a powerful programming language that is widely used in the software development industry. Java is known for its versatility, as it can run on a variety of platforms. With Java, developers can create robust and scalable applications that are highly reliable and secure. Java offers a rich set of libraries and frameworks that make it easy to develop complex applications quickly. Java is also an object-oriented language, which means that it provides a modular approach to software development. Overall, Java is a powerful and popular programming language that is used by developers all over the world to create amazing software applications.
16:16:28.429 INFO  app.com.solvd.deliveryservice.Main.createTask8() @47             - This file has about 649 words.
16:16:28.441 INFO  app.com.solvd.deliveryservice.Main.createTask8() @52             - Unique words: 63
16:21:12.945 INFO  app.com.solvd.deliveryservice.Main.createTask8() @43             - hello world
16:21:12.960 INFO  app.com.solvd.deliveryservice.Main.createTask8() @44             - This file has about 11 words.
16:21:12.961 INFO  app.com.solvd.deliveryservice.Main.createTask8() @49             - Unique words: 2
16:35:23.251 INFO  app.com.solvd.deliveryservice.Main.createTask8() @47             - hello world
16:35:23.260 INFO  app.com.solvd.deliveryservice.Main.createTask8() @49             - Unique words: 2
17:03:49.406 INFO  app.com.solvd.deliveryservice.Main.createTask8() @47             - h w
17:03:49.415 INFO  app.com.solvd.deliveryservice.Main.createTask8() @49             - Unique words: 2
17:04:01.611 INFO  app.com.solvd.deliveryservice.Main.createTask8() @47             - h w
17:04:01.619 INFO  app.com.solvd.deliveryservice.Main.createTask8() @48             - This file has about 3 words.
17:04:01.619 INFO  app.com.solvd.deliveryservice.Main.createTask8() @49             - Unique words: 2
17:04:18.132 INFO  app.com.solvd.deliveryservice.Main.createTask8() @47             - h w1
17:04:18.140 INFO  app.com.solvd.deliveryservice.Main.createTask8() @48             - This file has about 4 words.
17:04:18.141 INFO  app.com.solvd.deliveryservice.Main.createTask8() @49             - Unique words: 2
17:07:18.276 INFO  app.com.solvd.deliveryservice.Main.createTask8() @47             - h w1
17:07:18.285 INFO  app.com.solvd.deliveryservice.Main.createTask8() @49             - Unique words: 2
17:07:47.686 INFO  app.com.solvd.deliveryservice.Main.createTask8() @47             - h w1 h
17:07:47.694 INFO  app.com.solvd.deliveryservice.Main.createTask8() @49             - Unique words: 2
17:11:09.494 INFO  app.com.solvd.deliveryservice.Main.createTask8() @47             - h w1 h
17:11:09.504 INFO  app.com.solvd.deliveryservice.Main.createTask8() @49             - This file has about 3 words.
17:11:09.505 INFO  app.com.solvd.deliveryservice.Main.createTask8() @50             - Unique words: 2
17:15:02.400 INFO  app.com.solvd.deliveryservice.Main.createTask8() @53             - h w1 h
17:15:02.411 INFO  app.com.solvd.deliveryservice.Main.createTask8() @57             - This file has about 3 words.
17:15:02.412 INFO  app.com.solvd.deliveryservice.Main.createTask8() @58             - Unique words: 2
17:16:23.880 INFO  app.com.solvd.deliveryservice.Main.createTask8() @53             - The dog ran to another dog.
17:16:23.891 INFO  app.com.solvd.deliveryservice.Main.createTask8() @57             - This file has about 6 words.
17:16:23.891 INFO  app.com.solvd.deliveryservice.Main.createTask8() @58             - Unique words: 6
17:16:49.400 INFO  app.com.solvd.deliveryservice.Main.createTask8() @53             - The dog ran to another dog .
17:16:49.409 INFO  app.com.solvd.deliveryservice.Main.createTask8() @57             - This file has about 7 words.
17:16:49.410 INFO  app.com.solvd.deliveryservice.Main.createTask8() @58             - Unique words: 6
17:17:32.589 INFO  app.com.solvd.deliveryservice.Main.createTask8() @48             - The dog ran to another dog .
17:17:32.598 INFO  app.com.solvd.deliveryservice.Main.createTask8() @51             - Unique words: 5
17:18:50.729 INFO  app.com.solvd.deliveryservice.Main.createTask8() @48             - The dog ran to another dog .
17:18:50.739 INFO  app.com.solvd.deliveryservice.Main.createTask8() @50             - This file has about 7 words.
17:18:50.740 INFO  app.com.solvd.deliveryservice.Main.createTask8() @51             - Unique words: 5
17:19:55.951 INFO  app.com.solvd.deliveryservice.Main.createTask8() @48             - The dog ran to another dog.
17:19:55.960 INFO  app.com.solvd.deliveryservice.Main.createTask8() @50             - This file has APPROXIMENTLY 6 words.
17:19:55.961 INFO  app.com.solvd.deliveryservice.Main.createTask8() @51             - Unique words: 5
17:20:48.129 INFO  app.com.solvd.deliveryservice.Main.createTask8() @48             - The dog ran to another dog.
17:20:48.137 INFO  app.com.solvd.deliveryservice.Main.createTask8() @50             - This file has APPROXIMATELY 6 words.
17:20:48.138 INFO  app.com.solvd.deliveryservice.Main.createTask8() @51             - Unique words: 5
17:22:46.644 INFO  app.com.solvd.deliveryservice.Main.createTask8() @47             - The dog ran to another dog.
17:22:46.651 INFO  app.com.solvd.deliveryservice.Main.createTask8() @49             - This file has APPROXIMATELY 6 words.
17:22:46.653 INFO  app.com.solvd.deliveryservice.Main.createTask8() @50             - Unique words: 5
17:23:29.960 INFO  app.com.solvd.deliveryservice.Main.createTask8() @47             - The dog ran to another dog. Another dog appeared and ran to the same dog.
17:23:29.970 INFO  app.com.solvd.deliveryservice.Main.createTask8() @49             - This file has APPROXIMATELY 15 words.
17:23:29.971 INFO  app.com.solvd.deliveryservice.Main.createTask8() @50             - Unique words: 10
17:24:35.069 INFO  app.com.solvd.deliveryservice.Main.createTask8() @47             - The dog ran to another dog. Another dog appeared and ran to the same dog.
17:24:35.077 INFO  app.com.solvd.deliveryservice.Main.createTask8() @49             - This file has APPROXIMATELY 15 words.
17:24:35.080 INFO  app.com.solvd.deliveryservice.Main.createTask8() @50             - Unique words: 10[The, another, Another, appeared, and, ran, to, the, same, dog]
17:28:31.571 INFO  app.com.solvd.deliveryservice.Main.createTask8() @48             - The dog ran to another dog. Another dog appeared and ran to the same dog.
17:28:31.580 INFO  app.com.solvd.deliveryservice.Main.createTask8() @50             - This file has APPROXIMATELY 15 words.
17:28:31.583 INFO  app.com.solvd.deliveryservice.Main.createTask8() @51             - Unique words: 0[]
17:38:00.058 INFO  app.com.solvd.deliveryservice.Main.createTask8() @49             - The dog ran to another dog. Another dog appeared and ran to the same dog.
17:38:00.067 INFO  app.com.solvd.deliveryservice.Main.createTask8() @51             - This file has APPROXIMATELY 15 words.
17:38:00.070 INFO  app.com.solvd.deliveryservice.Main.createTask8() @52             - Unique words: 10[The, another, Another, appeared, and, ran, to, the, same, dog]
17:39:05.511 INFO  app.com.solvd.deliveryservice.Main.createTask8() @49             - the dog ran to another dog. another dog appeared and ran to the same dog.
17:39:05.520 INFO  app.com.solvd.deliveryservice.Main.createTask8() @51             - This file has APPROXIMATELY 15 words.
17:39:05.523 INFO  app.com.solvd.deliveryservice.Main.createTask8() @52             - Unique words: 10[The, another, Another, appeared, and, ran, to, the, same, dog]
17:39:24.850 INFO  app.com.solvd.deliveryservice.Main.createTask8() @49             - the dog ran to another dog. another dog appeared and ran to the same dog.
17:39:24.859 INFO  app.com.solvd.deliveryservice.Main.createTask8() @51             - This file has APPROXIMATELY 15 words.
17:39:24.862 INFO  app.com.solvd.deliveryservice.Main.createTask8() @52             - Unique words: 8[another, appeared, and, ran, to, the, same, dog]
17:40:03.560 INFO  app.com.solvd.deliveryservice.Main.createTask8() @39             - The dog ran to another dog. Another dog appeared and ran to the same dog.
17:40:03.571 INFO  app.com.solvd.deliveryservice.Main.createTask8() @51             - This file has APPROXIMATELY 15 words.
17:40:03.575 INFO  app.com.solvd.deliveryservice.Main.createTask8() @52             - Unique words: 8[another, appeared, and, ran, to, the, same, dog]
17:55:06.538 INFO  app.com.solvd.deliveryservice.Main.createTask8() @39             - The dog ran to another dog. Another dog appeared and ran to the same dog.
17:55:06.548 INFO  app.com.solvd.deliveryservice.Main.createTask8() @51             - This file has APPROXIMATELY 15 words.
17:55:06.551 INFO  app.com.solvd.deliveryservice.Main.createTask8() @52             - Unique words: 8 = [another, appeared, and, ran, to, the, same, dog]
17:55:35.328 INFO  app.com.solvd.deliveryservice.Main.createTask8() @39             - The dog ran to another dog. Another dog appeared and ran to the same dog.
17:59:07.680 INFO  app.com.solvd.deliveryservice.Main.createTask8() @39             - The dog ran to another dog. Another dog appeared and ran to the same dog.
17:59:07.691 INFO  app.com.solvd.deliveryservice.Main.createTask8() @50             - This file has APPROXIMATELY 15 words.
17:59:07.694 INFO  app.com.solvd.deliveryservice.Main.createTask8() @51             - Unique words: 8 = [another, appeared, and, ran, to, the, same, dog]
18:00:39.035 INFO  app.com.solvd.deliveryservice.Main.createTask8() @39             - The dog ran to another dog. Another dog appeared and ran to the same dog.
18:00:39.047 INFO  app.com.solvd.deliveryservice.Main.createTask8() @50             - This file has APPROXIMATELY 16 words.
18:00:39.051 INFO  app.com.solvd.deliveryservice.Main.createTask8() @51             - Unique words: 8 = [another, appeared, and, ran, to, the, same, dog]
18:25:46.274 INFO  app.com.solvd.deliveryservice.Main.createTask8() @68             - The dog ran to another dog. Another dog appeared and ran to the same dog.
18:25:46.285 INFO  app.com.solvd.deliveryservice.Main.createTask8() @79             - This file has APPROXIMATELY 15 words.
18:25:46.289 INFO  app.com.solvd.deliveryservice.Main.createTask8() @80             - Unique words: 8 = [another, appeared, and, ran, to, the, same, dog]
18:26:32.245 INFO  app.com.solvd.deliveryservice.Main.createTask8() @71             - The dog ran to another dog. Another dog appeared and ran to the same dog.
18:26:32.257 INFO  app.com.solvd.deliveryservice.Main.createTask8() @82             - This file has APPROXIMATELY 15 words.
18:26:32.260 INFO  app.com.solvd.deliveryservice.Main.createTask8() @83             - Unique words: 8 = [another, appeared, and, ran, to, the, same, dog]
18:27:02.614 INFO  app.com.solvd.deliveryservice.Main.createTask8Two() @37             - The dog ran to another dog. Another dog appeared and ran to the same dog.
18:27:02.624 INFO  app.com.solvd.deliveryservice.Main.createTask8Two() @61             - This file has APPROXIMATELY 15 words.
18:27:02.629 INFO  app.com.solvd.deliveryservice.Main.createTask8Two() @62             - Unique words: 8 = {the=1, appeared=1, same=1, and=1, another=1, to=1, dog=1, ran=1}
18:28:14.954 INFO  app.com.solvd.deliveryservice.Main.createTask8Two() @37             - The dog ran to another dog. Another dog appeared and ran to the same dog.
18:28:14.968 INFO  app.com.solvd.deliveryservice.Main.createTask8Two() @61             - This file has APPROXIMATELY 15 words.
18:28:14.972 INFO  app.com.solvd.deliveryservice.Main.createTask8Two() @62             - Unique words: 8 = {the=1, appeared=1, same=1, and=1, another=1, to=1, dog=1, ran=1}
18:39:46.910 INFO  app.com.solvd.deliveryservice.Main.createTask8part2() @64             - The dog ran to another dog. Another dog appeared and ran to the same dog.
18:39:46.919 INFO  app.com.solvd.deliveryservice.Main.createTask8part2() @77             - This file has APPROXIMATELY 15 words.
18:39:46.923 INFO  app.com.solvd.deliveryservice.Main.createTask8part2() @78             - Unique words: 8 = {the=2, appeared=1, same=1, and=1, another=2, to=2, dog=4, ran=2}
18:43:54.676 INFO  app.com.solvd.deliveryservice.Main.createTask8part2() @64             - The dog ran to another dog. Another dog appeared and ran to the same dog.
18:43:54.687 INFO  app.com.solvd.deliveryservice.Main.createTask8part2() @75             - This file has APPROXIMATELY 15 words.
18:43:54.690 INFO  app.com.solvd.deliveryservice.Main.createTask8part2() @76             - Unique words: 8 = {the=2, appeared=1, same=1, and=1, another=2, to=2, dog=4, ran=2}
18:48:51.648 INFO  app.com.solvd.deliveryservice.Main.createTask8part2() @64             - The dog ran to another dog. Another dog appeared and ran to the same dog.
18:48:51.659 INFO  app.com.solvd.deliveryservice.Main.createTask8part2() @75             - This file has 15 words.
18:48:51.663 INFO  app.com.solvd.deliveryservice.Main.createTask8part2() @76             - Unique words: 8 = {the=2, appeared=1, same=1, and=1, another=2, to=2, dog=4, ran=2}
18:50:31.641 INFO  app.com.solvd.deliveryservice.Main.createTask8() @37             - The dog ran to another dog. Another dog appeared and ran to the same dog.
18:50:31.650 INFO  app.com.solvd.deliveryservice.Main.createTask8() @48             - This file has 15 words.
18:50:31.654 INFO  app.com.solvd.deliveryservice.Main.createTask8() @49             - Unique words: 10 = {The=1, the=1, appeared=1, same=1, and=1, another=1, to=2, dog=4, ran=2, Another=1}
18:52:52.348 INFO  app.com.solvd.deliveryservice.Main.createTask8() @37             - The dog ran to another dog. Another dog appeared and ran to the same dog.
18:52:52.358 INFO  app.com.solvd.deliveryservice.Main.createTask8() @48             - This file has 15 words.
18:52:52.362 INFO  app.com.solvd.deliveryservice.Main.createTask8() @49             - Unique words: 10 = {The=1, the=1, appeared=1, same=1, and=1, another=1, to=2, dog=4, ran=2, Another=1}
18:53:37.903 INFO  app.com.solvd.deliveryservice.Main.createTask8() @37             - The dog ran to another dog. Another dog appeared and ran to the same dog.
18:53:37.913 INFO  app.com.solvd.deliveryservice.Main.createTask8() @48             - This file has 15 words.
18:53:37.917 INFO  app.com.solvd.deliveryservice.Main.createTask8() @49             - Unique words: 10 = {The=1, the=1, appeared=1, same=1, and=1, another=1, to=2, dog=4, ran=2, Another=1}
19:03:50.413 INFO  app.com.solvd.deliveryservice.Main.createTask8() @37             - The dog ran to another dog. Another dog appeared and ran to the same dog.
19:03:50.423 INFO  app.com.solvd.deliveryservice.Main.createTask8() @48             - This file has 15 words.
19:03:50.426 INFO  app.com.solvd.deliveryservice.Main.createTask8() @49             - Unique words: 10 = {The=1, the=1, appeared=1, same=1, and=1, another=1, to=2, dog=4, ran=2, Another=1}
19:06:50.745 INFO  app.com.solvd.deliveryservice.Main.createTask8() @37             - The dog ran to another dog. Another dog appeared and ran to the same dog.
19:06:50.757 INFO  app.com.solvd.deliveryservice.Main.createTask8() @48             - This file has 15 words.
19:06:50.760 INFO  app.com.solvd.deliveryservice.Main.createTask8() @49             - Unique words: 10 = {The=1, the=1, appeared=1, same=1, and=1, another=1, to=2, dog=4, ran=2, Another=1}
19:07:30.347 INFO  app.com.solvd.deliveryservice.Main.createTask8() @37             - The dog ran to another dog. Another dog appeared and ran to the same dog.
19:07:30.358 INFO  app.com.solvd.deliveryservice.Main.createTask8() @48             - This file has 15 words.
19:07:30.364 INFO  app.com.solvd.deliveryservice.Main.createTask8() @49             - Unique words: 10 = {The=1, the=1, appeared=1, same=1, and=1, another=1, to=2, dog=4, ran=2, Another=1}
19:07:55.886 INFO  app.com.solvd.deliveryservice.Main.createTask8() @37             - The dog ran to another dog. Another dog appeared and ran to the same dog.
19:07:55.897 INFO  app.com.solvd.deliveryservice.Main.createTask8() @48             - This file has 15 words.
19:07:55.900 INFO  app.com.solvd.deliveryservice.Main.createTask8() @49             - Unique words: 10 = {The=1, the=1, appeared=1, same=1, and=1, another=1, to=2, dog=4, ran=2, Another=1}
19:09:29.048 INFO  app.com.solvd.deliveryservice.Main.createTask8() @37             - The dog ran to another dog. Another dog appeared and ran to the same dog.
19:09:29.059 INFO  app.com.solvd.deliveryservice.Main.createTask8() @48             - This file has 15 words.
19:09:29.062 INFO  app.com.solvd.deliveryservice.Main.createTask8() @49             - Unique words: 10 = {The=1, the=1, appeared=1, same=1, and=1, another=1, to=2, dog=4, ran=2, Another=1}
19:10:15.234 INFO  app.com.solvd.deliveryservice.Main.createTask8() @37             - The dog ran to another dog. Another dog appeared and ran to the same dog.
19:10:15.244 INFO  app.com.solvd.deliveryservice.Main.createTask8() @48             - This file has 15 words.
19:10:15.247 INFO  app.com.solvd.deliveryservice.Main.createTask8() @49             - Unique words: 10 = {The=1, the=1, appeared=1, same=1, and=1, another=1, to=2, dog=4, ran=2, Another=1}
19:10:46.580 INFO  app.com.solvd.deliveryservice.Main.createTask8() @37             - The dog ran to another dog. Another dog appeared and ran to the same dog.
19:10:46.591 INFO  app.com.solvd.deliveryservice.Main.createTask8() @48             - This file has 15 words.
19:10:46.594 INFO  app.com.solvd.deliveryservice.Main.createTask8() @49             - Unique words: 10 = {The=1, the=1, appeared=1, same=1, and=1, another=1, to=2, dog=4, ran=2, Another=1}
19:11:59.321 INFO  app.com.solvd.deliveryservice.Main.createTask8() @37             - The dog ran to another dog. Another dog appeared and ran to the same dog.
19:11:59.332 INFO  app.com.solvd.deliveryservice.Main.createTask8() @48             - This file has 15 words.
19:11:59.336 INFO  app.com.solvd.deliveryservice.Main.createTask8() @49             - Unique words: 10 = {The=1, the=1, appeared=1, same=1, and=1, another=1, to=2, dog=4, ran=2, Another=1}
19:12:38.139 INFO  app.com.solvd.deliveryservice.Main.createTask8() @37             - The dog ran to another dog. Another dog appeared and ran to the same dog.
19:12:38.149 INFO  app.com.solvd.deliveryservice.Main.createTask8() @48             - This file has 0 words.
19:12:38.152 INFO  app.com.solvd.deliveryservice.Main.createTask8() @49             - Unique words: 0 = {}
19:13:19.457 INFO  app.com.solvd.deliveryservice.Main.createTask8() @37             - The dog ran to another dog. Another dog appeared and ran to the same dog.
19:13:19.469 INFO  app.com.solvd.deliveryservice.Main.createTask8() @48             - This file has 15 words.
19:13:19.472 INFO  app.com.solvd.deliveryservice.Main.createTask8() @49             - Unique words: 10 = {The=1, the=1, appeared=1, same=1, and=1, another=1, to=2, dog=4, ran=2, Another=1}
19:14:53.481 INFO  app.com.solvd.deliveryservice.Main.createTask8() @37             - The dog ran to another dog. Another dog appeared and ran to the same dog.
19:14:53.494 INFO  app.com.solvd.deliveryservice.Main.createTask8() @48             - This file has 8 words.
19:14:53.497 INFO  app.com.solvd.deliveryservice.Main.createTask8() @49             - Unique words: 8 = {the=1, appeared=1, same=1, and=1, to=1, dog=1, ran=1, Another=1}
19:15:28.167 INFO  app.com.solvd.deliveryservice.Main.createTask8() @37             - The dog ran to another dog. Another dog appeared and ran to the same dog.
19:15:28.178 INFO  app.com.solvd.deliveryservice.Main.createTask8() @48             - This file has 15 words.
19:15:28.182 INFO  app.com.solvd.deliveryservice.Main.createTask8() @49             - Unique words: 10 = {The=1, the=1, appeared=1, same=1, and=1, another=1, to=2, dog=4, ran=2, Another=1}
19:15:36.325 INFO  app.com.solvd.deliveryservice.Main.createTask8() @37             - The dog ran to another dog. Another dog appeared and ran to the same dog.
19:15:36.336 INFO  app.com.solvd.deliveryservice.Main.createTask8() @48             - This file has 15 words.
19:15:36.340 INFO  app.com.solvd.deliveryservice.Main.createTask8() @49             - Unique words: 10 = {The=1, the=1, appeared=1, same=1, and=1, another=1, to=2, dog=4, ran=2, Another=1}
19:16:12.088 INFO  app.com.solvd.deliveryservice.Main.createTask8() @37             - The dog ran to another dog. Another dog appeared and ran to the same dog.
19:16:12.100 INFO  app.com.solvd.deliveryservice.Main.createTask8() @48             - This file has 15 words.
19:16:12.103 INFO  app.com.solvd.deliveryservice.Main.createTask8() @49             - Unique words: 10 = {The=1, the=1, appeared=1, same=1, and=1, another=1, to=2, dog=4, ran=2, Another=1}
19:16:20.764 INFO  app.com.solvd.deliveryservice.Main.createTask8() @37             - The dog ran to another dog. Another dog appeared and ran to the same dog.
19:16:20.775 INFO  app.com.solvd.deliveryservice.Main.createTask8() @48             - This file has 15 words.
19:16:20.779 INFO  app.com.solvd.deliveryservice.Main.createTask8() @49             - Unique words: 8 = {the=2, appeared=1, same=1, and=1, another=2, to=2, dog=4, ran=2}
19:18:16.156 INFO  app.com.solvd.deliveryservice.Main.createTask8() @37             - The dog ran to another dog. Another dog appeared and ran to the same dog.
19:18:16.167 INFO  app.com.solvd.deliveryservice.Main.createTask8() @48             - This file has 15 words.
19:18:16.171 INFO  app.com.solvd.deliveryservice.Main.createTask8() @49             - Unique words: 10 = {The=1, the=1, appeared=1, same=1, and=1, another=1, to=2, dog=4, ran=2, Another=1}
19:18:47.229 INFO  app.com.solvd.deliveryservice.Main.createTask8() @37             - The dog ran to another dog. Another dog appeared and ran to the same dog.
19:18:47.240 INFO  app.com.solvd.deliveryservice.Main.createTask8() @48             - This file has 15 words.
19:18:47.245 INFO  app.com.solvd.deliveryservice.Main.createTask8() @49             - Unique words: 10 = {The=1, the=1, appeared=1, same=1, and=1, another=1, to=2, dog=4, ran=2, Another=1}
19:20:19.175 INFO  app.com.solvd.deliveryservice.Main.createTask8() @37             - The dog ran to another dog. Another dog appeared and ran to the same dog.
19:20:19.186 INFO  app.com.solvd.deliveryservice.Main.createTask8() @48             - This file has 15 words.
19:20:19.189 INFO  app.com.solvd.deliveryservice.Main.createTask8() @49             - Unique words: 8 = {the=2, appeared=1, same=1, and=1, another=2, to=2, dog=4, ran=2}
19:27:05.076 INFO  app.com.solvd.deliveryservice.Main.createTask8() @37             - The dog ran to another dog. Another dog appeared and ran to the same dog.
19:27:05.081 INFO  app.com.solvd.deliveryservice.Main.createTask8() @49             - This file has 15 words.
19:27:05.084 INFO  app.com.solvd.deliveryservice.Main.createTask8() @50             - Unique words: 8 = {the=2, appeared=1, same=1, and=1, another=2, to=2, dog=4, ran=2}
