17:54:41.046 INFO  com.solvd.deliveryservice.app.Main.lambda$createTask10$1() @48             - 1:2
17:54:41.055 INFO  com.solvd.deliveryservice.app.Main.lambda$createTask10$1() @48             - 1:4
17:54:41.056 INFO  com.solvd.deliveryservice.app.Main.lambda$createTask10$1() @48             - 1:44
17:54:41.057 INFO  com.solvd.deliveryservice.app.Main.lambda$createTask10$1() @48             - 1:2
17:54:41.058 INFO  com.solvd.deliveryservice.app.Main.lambda$createTask10$2() @50             - 2: 1
17:54:41.059 INFO  com.solvd.deliveryservice.app.Main.lambda$createTask10$2() @50             - 2: 2
17:54:41.059 INFO  com.solvd.deliveryservice.app.Main.lambda$createTask10$2() @50             - 2: 2
17:54:41.060 INFO  com.solvd.deliveryservice.app.Main.lambda$createTask10$2() @50             - 2: 3
17:54:41.060 INFO  com.solvd.deliveryservice.app.Main.lambda$createTask10$2() @50             - 2: 4
17:54:41.061 INFO  com.solvd.deliveryservice.app.Main.lambda$createTask10$2() @50             - 2: 5
17:54:41.061 INFO  com.solvd.deliveryservice.app.Main.lambda$createTask10$2() @50             - 2: 44
17:54:41.061 INFO  com.solvd.deliveryservice.app.Main.lambda$createTask10$2() @50             - 2: 55
17:54:41.065 INFO  com.solvd.deliveryservice.app.Main.lambda$createTask10$3() @53             - 6
17:54:41.065 INFO  com.solvd.deliveryservice.app.Main.lambda$createTask10$3() @53             - 10
17:54:41.066 INFO  com.solvd.deliveryservice.app.Main.lambda$createTask10$3() @53             - 8
17:54:41.067 INFO  com.solvd.deliveryservice.app.Main.createTask10() @55             - [2055308360, 296234888, 670819326]
17:54:41.068 INFO  com.solvd.deliveryservice.app.Main.lambda$createTask10$4() @64             - 1
17:54:41.068 INFO  com.solvd.deliveryservice.app.Main.lambda$createTask10$4() @64             - 2
17:54:41.069 INFO  com.solvd.deliveryservice.app.Main.lambda$createTask10$4() @64             - 3
17:54:41.069 INFO  com.solvd.deliveryservice.app.Main.lambda$createTask10$4() @64             - 4
17:54:41.069 INFO  com.solvd.deliveryservice.app.Main.lambda$createTask10$4() @64             - 5
17:54:41.070 INFO  com.solvd.deliveryservice.app.Main.lambda$createTask10$4() @64             - 6
17:54:41.070 INFO  com.solvd.deliveryservice.app.Main.lambda$createTask10$4() @64             - 7
17:54:41.070 INFO  com.solvd.deliveryservice.app.Main.lambda$createTask10$4() @64             - 8
17:54:41.070 INFO  com.solvd.deliveryservice.app.Main.lambda$createTask10$4() @64             - 9
17:54:41.071 INFO  com.solvd.deliveryservice.app.Main.createTask10() @66             - 4
17:54:41.077 INFO  com.solvd.deliveryservice.app.Main.createTask10() @70             - All methods including from super classes: [getPackages, getId, setId, setPackages, wait, wait, wait, equals, toString, hashCode, getClass, notify, notifyAll]
17:54:41.078 INFO  com.solvd.deliveryservice.app.Main.createTask10() @71             - Only declared methods inside myclass: [getPackages, getId, setId, setPackages]
17:54:41.079 INFO  com.solvd.deliveryservice.app.Main.createTask10() @75             - Route: R12932
17:54:41.079 INFO  com.solvd.deliveryservice.app.Main.createTask10() @78             - New Route: R32939
17:54:41.080 INFO  com.solvd.deliveryservice.app.Main.createTask10() @83             - New Route: R334332
