[31m11:20:12.277 ERROR com.solvd.app.MyLogger.main() @19             - testing
[m[31m11:20:12.277 FATAL app.com.solvd.deliveryservice.Main.createTask5() @76             - This is an FATAL level log message!
[m[31m11:20:12.277 ERROR app.com.solvd.deliveryservice.Main.createTask5() @77             - This is an ERROR level log message!
[m[33;1m11:20:12.277 WARN  app.com.solvd.deliveryservice.Main.createTask5() @78             - This is an WARN level log message
[m[32m11:20:12.277 INFO  app.com.solvd.deliveryservice.Main.createTask5() @79             - This is an INFO level log message
[m[34m11:20:12.277 DEBUG app.com.solvd.deliveryservice.Main.createTask5() @80             - This is an DEBUG level log message
[m[30m11:20:12.277 TRACE app.com.solvd.deliveryservice.Main.createTask5() @81             - This is an TRACE level log message
[m[31m11:20:12.277 ERROR app.com.solvd.deliveryservice.Truck.refuel() @88             - InvalidFuelTypeException: Wrong Fuel Type
[m[31m11:20:12.277 ERROR app.com.solvd.deliveryservice.Truck.setMileage() @71             - InvalidAmountException: Invalid amount.
[m[31m11:20:12.277 ERROR app.com.solvd.deliveryservice.Person.setFirstName() @38             - InvalidNameException: Name can't exceed of 20 characters
[m11:29:29.452 ERROR com.solvd.app.MyLogger.main() @19             - testing
11:29:29.466 FATAL app.com.solvd.deliveryservice.Main.createTask5() @76             - This is an FATAL level log message!
11:29:29.467 ERROR app.com.solvd.deliveryservice.Main.createTask5() @77             - This is an ERROR level log message!
11:29:29.468 WARN  app.com.solvd.deliveryservice.Main.createTask5() @78             - This is an WARN level log message
11:29:29.469 INFO  app.com.solvd.deliveryservice.Main.createTask5() @79             - This is an INFO level log message
11:29:29.469 DEBUG app.com.solvd.deliveryservice.Main.createTask5() @80             - This is an DEBUG level log message
11:29:29.470 TRACE app.com.solvd.deliveryservice.Main.createTask5() @81             - This is an TRACE level log message
11:29:29.479 ERROR app.com.solvd.deliveryservice.Truck.refuel() @88             - InvalidFuelTypeException: Wrong Fuel Type
11:29:29.480 ERROR app.com.solvd.deliveryservice.Truck.setMileage() @71             - InvalidAmountException: Invalid amount.
11:29:29.488 ERROR app.com.solvd.deliveryservice.Person.setFirstName() @38             - InvalidNameException: Name can't exceed of 20 characters
11:29:52.787 ERROR com.solvd.app.MyLogger.main() @19             - testing
11:29:52.796 FATAL app.com.solvd.deliveryservice.Main.createTask5() @76             - This is an FATAL level log message!
11:29:52.796 ERROR app.com.solvd.deliveryservice.Main.createTask5() @77             - This is an ERROR level log message!
11:29:52.797 WARN  app.com.solvd.deliveryservice.Main.createTask5() @78             - This is an WARN level log message
11:29:52.797 INFO  app.com.solvd.deliveryservice.Main.createTask5() @79             - This is an INFO level log message
11:29:52.797 DEBUG app.com.solvd.deliveryservice.Main.createTask5() @80             - This is an DEBUG level log message
11:29:52.798 TRACE app.com.solvd.deliveryservice.Main.createTask5() @81             - This is an TRACE level log message
11:29:52.802 ERROR app.com.solvd.deliveryservice.Truck.refuel() @88             - InvalidFuelTypeException: Wrong Fuel Type
11:29:52.803 ERROR app.com.solvd.deliveryservice.Truck.setMileage() @71             - InvalidAmountException: Invalid amount.
11:29:52.806 ERROR app.com.solvd.deliveryservice.Person.setFirstName() @38             - InvalidNameException: Name can't exceed of 20 characters
11:30:08.824 ERROR com.solvd.app.MyLogger.main() @19             - testing
11:30:08.833 FATAL app.com.solvd.deliveryservice.Main.createTask5() @76             - This is an FATAL level log message!
11:30:08.834 ERROR app.com.solvd.deliveryservice.Main.createTask5() @77             - This is an ERROR level log message!
11:30:08.834 WARN  app.com.solvd.deliveryservice.Main.createTask5() @78             - This is an WARN level log message
11:30:08.835 INFO  app.com.solvd.deliveryservice.Main.createTask5() @79             - This is an INFO level log message
11:30:08.835 DEBUG app.com.solvd.deliveryservice.Main.createTask5() @80             - This is an DEBUG level log message
11:30:08.835 TRACE app.com.solvd.deliveryservice.Main.createTask5() @81             - This is an TRACE level log message
11:30:08.840 ERROR app.com.solvd.deliveryservice.Truck.refuel() @88             - InvalidFuelTypeException: Wrong Fuel Type
11:30:08.840 ERROR app.com.solvd.deliveryservice.Truck.setMileage() @71             - InvalidAmountException: Invalid amount.
11:30:08.845 ERROR app.com.solvd.deliveryservice.Person.setFirstName() @38             - InvalidNameException: Name can't exceed of 20 characters
16:03:03.141 INFO  collections.com.solvd.deliveryservice.LinkedList.show() @52             - Driver{licenseNumber='null'} Employee{employeeId='null', salary=0.0, bankAccount='null'} Person{firstName='Pepito', lastName='null', age=null}
16:03:03.152 INFO  collections.com.solvd.deliveryservice.LinkedList.show() @55             - Supervisor{Employee{employeeId='null', salary=0.0, bankAccount='null'} Person{firstName='Mario', lastName='null', age=null}
16:03:03.159 FATAL app.com.solvd.deliveryservice.Main.createTask5() @76             - This is an FATAL level log message!
16:03:03.159 ERROR app.com.solvd.deliveryservice.Main.createTask5() @77             - This is an ERROR level log message!
16:03:03.159 WARN  app.com.solvd.deliveryservice.Main.createTask5() @78             - This is an WARN level log message
16:03:03.159 INFO  app.com.solvd.deliveryservice.Main.createTask5() @79             - This is an INFO level log message
16:03:03.159 DEBUG app.com.solvd.deliveryservice.Main.createTask5() @80             - This is an DEBUG level log message
16:03:03.159 TRACE app.com.solvd.deliveryservice.Main.createTask5() @81             - This is an TRACE level log message
16:03:03.166 ERROR app.com.solvd.deliveryservice.Main.refuel() @87             - InvalidFuelTypeException: Wrong Fuel Type
16:03:03.166 ERROR app.com.solvd.deliveryservice.Main.setMileage() @70             - InvalidAmountException: Invalid amount.
16:03:03.166 ERROR app.com.solvd.deliveryservice.Main.setFirstName() @37             - InvalidNameException: Name can't exceed of 20 characters
16:06:12.259 INFO  collections.com.solvd.deliveryservice.LinkedList.show() @52             - Driver{licenseNumber='null'} Employee{employeeId='null', salary=0.0, bankAccount='null'} Person{firstName='Pepito', lastName='null', age=null}
16:06:12.275 INFO  collections.com.solvd.deliveryservice.LinkedList.show() @55             - Supervisor{Employee{employeeId='null', salary=0.0, bankAccount='null'} Person{firstName='Mario', lastName='null', age=null}
16:06:12.283 FATAL app.com.solvd.deliveryservice.Main.createTask5() @76             - This is an FATAL level log message!
16:06:12.283 ERROR app.com.solvd.deliveryservice.Main.createTask5() @77             - This is an ERROR level log message!
16:06:12.283 WARN  app.com.solvd.deliveryservice.Main.createTask5() @78             - This is an WARN level log message
16:06:12.283 INFO  app.com.solvd.deliveryservice.Main.createTask5() @79             - This is an INFO level log message
16:06:12.283 DEBUG app.com.solvd.deliveryservice.Main.createTask5() @80             - This is an DEBUG level log message
16:06:12.283 TRACE app.com.solvd.deliveryservice.Main.createTask5() @81             - This is an TRACE level log message
16:06:12.289 ERROR app.com.solvd.deliveryservice.Main.refuel() @87             - InvalidFuelTypeException: Wrong Fuel Type
16:06:12.289 ERROR app.com.solvd.deliveryservice.Main.setMileage() @70             - InvalidAmountException: Invalid amount.
16:06:12.289 ERROR app.com.solvd.deliveryservice.Main.setFirstName() @37             - InvalidNameException: Name can't exceed of 20 characters
16:06:12.289 INFO  app.com.solvd.deliveryservice.Main.turnLeft() @113             -  turning left.
16:06:41.530 INFO  collections.com.solvd.deliveryservice.LinkedList.show() @52             - Driver{licenseNumber='null'} Employee{employeeId='null', salary=0.0, bankAccount='null'} Person{firstName='Pepito', lastName='null', age=null}
16:06:41.540 INFO  collections.com.solvd.deliveryservice.LinkedList.show() @55             - Supervisor{Employee{employeeId='null', salary=0.0, bankAccount='null'} Person{firstName='Mario', lastName='null', age=null}
16:06:41.551 FATAL app.com.solvd.deliveryservice.Main.createTask5() @76             - This is an FATAL level log message!
16:06:41.551 ERROR app.com.solvd.deliveryservice.Main.createTask5() @77             - This is an ERROR level log message!
16:06:41.551 WARN  app.com.solvd.deliveryservice.Main.createTask5() @78             - This is an WARN level log message
16:06:41.551 INFO  app.com.solvd.deliveryservice.Main.createTask5() @79             - This is an INFO level log message
16:06:41.551 DEBUG app.com.solvd.deliveryservice.Main.createTask5() @80             - This is an DEBUG level log message
16:06:41.551 TRACE app.com.solvd.deliveryservice.Main.createTask5() @81             - This is an TRACE level log message
16:06:41.557 ERROR app.com.solvd.deliveryservice.Main.refuel() @87             - InvalidFuelTypeException: Wrong Fuel Type
16:06:41.557 ERROR app.com.solvd.deliveryservice.Main.setMileage() @70             - InvalidAmountException: Invalid amount.
16:06:41.557 ERROR app.com.solvd.deliveryservice.Main.setFirstName() @37             - InvalidNameException: Name can't exceed of 20 characters
16:06:41.557 INFO  app.com.solvd.deliveryservice.Main.turnLeft() @113             -  turning left.
16:06:41.557 INFO  app.com.solvd.deliveryservice.Main.createTask3() @114             - DriverPrimero equals DriverSegundo: true
16:06:41.563 INFO  app.com.solvd.deliveryservice.Main.createTask3() @115             - DriverPrimer hasCode():-698846203 and DriverSegundo hashCode(): -698846203
16:07:47.621 INFO  collections.com.solvd.deliveryservice.LinkedList.show() @52             - Driver{licenseNumber='null'} Employee{employeeId='null', salary=0.0, bankAccount='null'} Person{firstName='Pepito', lastName='null', age=null}
16:07:47.635 INFO  collections.com.solvd.deliveryservice.LinkedList.show() @55             - Supervisor{Employee{employeeId='null', salary=0.0, bankAccount='null'} Person{firstName='Mario', lastName='null', age=null}
16:07:47.635 FATAL app.com.solvd.deliveryservice.Main.createTask5() @76             - This is an FATAL level log message!
16:07:47.635 ERROR app.com.solvd.deliveryservice.Main.createTask5() @77             - This is an ERROR level log message!
16:07:47.635 WARN  app.com.solvd.deliveryservice.Main.createTask5() @78             - This is an WARN level log message
16:07:47.635 INFO  app.com.solvd.deliveryservice.Main.createTask5() @79             - This is an INFO level log message
16:07:47.635 DEBUG app.com.solvd.deliveryservice.Main.createTask5() @80             - This is an DEBUG level log message
16:07:47.635 TRACE app.com.solvd.deliveryservice.Main.createTask5() @81             - This is an TRACE level log message
16:07:47.635 ERROR app.com.solvd.deliveryservice.Main.refuel() @87             - InvalidFuelTypeException: Wrong Fuel Type
16:07:47.635 ERROR app.com.solvd.deliveryservice.Main.setMileage() @70             - InvalidAmountException: Invalid amount.
16:07:47.635 ERROR app.com.solvd.deliveryservice.Main.setFirstName() @37             - InvalidNameException: Name can't exceed of 20 characters
[31m16:15:18.948 ERROR com.mycompany.app.DSLogger.main() @19             - testing
[m[31m16:15:18.948 FATAL com.mycompany.app.Main.createTask5() @76             - This is an FATAL level log message!
[m[31m16:15:18.948 ERROR com.mycompany.app.Main.createTask5() @77             - This is an ERROR level log message!
[m[33;1m16:15:18.948 WARN  com.mycompany.app.Main.createTask5() @78             - This is an WARN level log message
[m[32m16:15:18.948 INFO  com.mycompany.app.Main.createTask5() @79             - This is an INFO level log message
[m[34m16:15:18.948 DEBUG com.mycompany.app.Main.createTask5() @80             - This is an DEBUG level log message
[m[30m16:15:18.964 TRACE com.mycompany.app.Main.createTask5() @81             - This is an TRACE level log message
[m[31m16:15:18.964 ERROR com.mycompany.app.Truck.refuel() @88             - InvalidFuelTypeException: Wrong Fuel Type
[m[31m16:15:18.964 ERROR com.mycompany.app.Truck.setMileage() @71             - InvalidAmountException: Invalid amount.
[m[31m16:15:18.964 ERROR com.mycompany.app.Person.setFirstName() @38             - InvalidNameException: Name can't exceed of 20 characters
[m16:17:50.056 INFO  collections.com.solvd.deliveryservice.LinkedList.show() @52             - Driver{licenseNumber='null'} Employee{employeeId='null', salary=0.0, bankAccount='null'} Person{firstName='Pepito', lastName='null', age=null}
16:17:50.057 INFO  collections.com.solvd.deliveryservice.LinkedList.show() @55             - Supervisor{Employee{employeeId='null', salary=0.0, bankAccount='null'} Person{firstName='Mario', lastName='null', age=null}
16:17:50.070 FATAL app.com.solvd.deliveryservice.Main.createTask5() @76             - This is an FATAL level log message!
16:17:50.072 ERROR app.com.solvd.deliveryservice.Main.createTask5() @77             - This is an ERROR level log message!
16:17:50.072 WARN  app.com.solvd.deliveryservice.Main.createTask5() @78             - This is an WARN level log message
16:17:50.072 INFO  app.com.solvd.deliveryservice.Main.createTask5() @79             - This is an INFO level log message
16:17:50.072 DEBUG app.com.solvd.deliveryservice.Main.createTask5() @80             - This is an DEBUG level log message
16:17:50.072 TRACE app.com.solvd.deliveryservice.Main.createTask5() @81             - This is an TRACE level log message
16:17:50.072 ERROR app.com.solvd.deliveryservice.Main.refuel() @87             - InvalidFuelTypeException: Wrong Fuel Type
16:17:50.072 ERROR app.com.solvd.deliveryservice.Main.setMileage() @70             - InvalidAmountException: Invalid amount.
16:17:50.072 ERROR app.com.solvd.deliveryservice.Main.setFirstName() @37             - InvalidNameException: Name can't exceed of 20 characters
16:20:24.070 INFO  collections.com.solvd.deliveryservice.LinkedList.show() @52             - Driver{licenseNumber='null'} Employee{employeeId='null', salary=0.0, bankAccount='null'} Person{firstName='Pepito', lastName='null', age=null}
16:20:24.070 INFO  collections.com.solvd.deliveryservice.LinkedList.show() @55             - Supervisor{Employee{employeeId='null', salary=0.0, bankAccount='null'} Person{firstName='Mario', lastName='null', age=null}
16:20:24.086 FATAL app.com.solvd.deliveryservice.Main.createTask5() @76             - This is an FATAL level log message!
16:20:24.086 ERROR app.com.solvd.deliveryservice.Main.createTask5() @77             - This is an ERROR level log message!
16:20:24.086 WARN  app.com.solvd.deliveryservice.Main.createTask5() @78             - This is an WARN level log message
16:20:24.086 INFO  app.com.solvd.deliveryservice.Main.createTask5() @79             - This is an INFO level log message
16:20:24.086 DEBUG app.com.solvd.deliveryservice.Main.createTask5() @80             - This is an DEBUG level log message
16:20:24.086 TRACE app.com.solvd.deliveryservice.Main.createTask5() @81             - This is an TRACE level log message
16:20:24.086 ERROR app.com.solvd.deliveryservice.Main.refuel() @87             - InvalidFuelTypeException: Wrong Fuel Type
16:20:24.086 ERROR app.com.solvd.deliveryservice.Main.setMileage() @70             - InvalidAmountException: Invalid amount.
16:20:24.086 ERROR app.com.solvd.deliveryservice.Main.setFirstName() @37             - InvalidNameException: Name can't exceed of 20 characters
16:21:48.627 INFO  collections.com.solvd.deliveryservice.LinkedList.show() @52             - Driver{licenseNumber='null'} Employee{employeeId='null', salary=0.0, bankAccount='null'} Person{firstName='Pepito', lastName='null', age=null}
16:21:48.639 INFO  collections.com.solvd.deliveryservice.LinkedList.show() @55             - Supervisor{Employee{employeeId='null', salary=0.0, bankAccount='null'} Person{firstName='Mario', lastName='null', age=null}
16:21:48.645 FATAL app.com.solvd.deliveryservice.Main.createTask5() @76             - This is an FATAL level log message!
16:21:48.645 ERROR app.com.solvd.deliveryservice.Main.createTask5() @77             - This is an ERROR level log message!
16:21:48.645 WARN  app.com.solvd.deliveryservice.Main.createTask5() @78             - This is an WARN level log message
16:21:48.645 INFO  app.com.solvd.deliveryservice.Main.createTask5() @79             - This is an INFO level log message
16:21:48.645 DEBUG app.com.solvd.deliveryservice.Main.createTask5() @80             - This is an DEBUG level log message
16:21:48.652 TRACE app.com.solvd.deliveryservice.Main.createTask5() @81             - This is an TRACE level log message
16:21:48.652 ERROR app.com.solvd.deliveryservice.Main.refuel() @87             - InvalidFuelTypeException: Wrong Fuel Type
16:21:48.652 ERROR app.com.solvd.deliveryservice.Main.setMileage() @70             - InvalidAmountException: Invalid amount.
16:21:48.652 ERROR app.com.solvd.deliveryservice.Main.setFirstName() @37             - InvalidNameException: Name can't exceed of 20 characters
16:23:24.664 INFO  collections.com.solvd.deliveryservice.LinkedList.show() @52             - Driver{licenseNumber='null'} Employee{employeeId='null', salary=0.0, bankAccount='null'} Person{firstName='Luigi', lastName='null', age=null}
16:23:24.671 INFO  collections.com.solvd.deliveryservice.LinkedList.show() @52             - Driver{licenseNumber='null'} Employee{employeeId='null', salary=0.0, bankAccount='null'} Person{firstName='null', lastName='null', age=null}
16:23:24.675 INFO  collections.com.solvd.deliveryservice.LinkedList.show() @55             - Supervisor{Employee{employeeId='null', salary=0.0, bankAccount='null'} Person{firstName='Mario', lastName='null', age=null}
16:23:24.675 FATAL app.com.solvd.deliveryservice.Main.createTask5() @79             - This is an FATAL level log message!
16:23:24.675 ERROR app.com.solvd.deliveryservice.Main.createTask5() @80             - This is an ERROR level log message!
16:23:24.675 WARN  app.com.solvd.deliveryservice.Main.createTask5() @81             - This is an WARN level log message
16:23:24.675 INFO  app.com.solvd.deliveryservice.Main.createTask5() @82             - This is an INFO level log message
16:23:24.675 DEBUG app.com.solvd.deliveryservice.Main.createTask5() @83             - This is an DEBUG level log message
16:23:24.685 TRACE app.com.solvd.deliveryservice.Main.createTask5() @84             - This is an TRACE level log message
16:23:24.691 ERROR app.com.solvd.deliveryservice.Main.refuel() @87             - InvalidFuelTypeException: Wrong Fuel Type
16:23:24.691 ERROR app.com.solvd.deliveryservice.Main.setMileage() @70             - InvalidAmountException: Invalid amount.
16:23:24.691 ERROR app.com.solvd.deliveryservice.Main.setFirstName() @37             - InvalidNameException: Name can't exceed of 20 characters
16:25:43.746 INFO  collections.com.solvd.deliveryservice.LinkedList.show() @52             - Driver{licenseNumber='null'} Employee{employeeId='null', salary=0.0, bankAccount='null'} Person{firstName='Bowser', lastName='null', age=null}
16:25:43.761 INFO  collections.com.solvd.deliveryservice.LinkedList.show() @52             - Driver{licenseNumber='null'} Employee{employeeId='null', salary=0.0, bankAccount='null'} Person{firstName='null', lastName='null', age=null}
16:25:43.762 INFO  collections.com.solvd.deliveryservice.LinkedList.show() @52             - Driver{licenseNumber='null'} Employee{employeeId='null', salary=0.0, bankAccount='null'} Person{firstName='null', lastName='null', age=null}
16:25:43.762 INFO  collections.com.solvd.deliveryservice.LinkedList.show() @55             - Supervisor{Employee{employeeId='null', salary=0.0, bankAccount='null'} Person{firstName='Mario', lastName='null', age=null}
16:25:43.774 FATAL app.com.solvd.deliveryservice.Main.createTask5() @82             - This is an FATAL level log message!
16:25:43.774 ERROR app.com.solvd.deliveryservice.Main.createTask5() @83             - This is an ERROR level log message!
16:25:43.774 WARN  app.com.solvd.deliveryservice.Main.createTask5() @84             - This is an WARN level log message
16:25:43.774 INFO  app.com.solvd.deliveryservice.Main.createTask5() @85             - This is an INFO level log message
16:25:43.777 DEBUG app.com.solvd.deliveryservice.Main.createTask5() @86             - This is an DEBUG level log message
16:25:43.777 TRACE app.com.solvd.deliveryservice.Main.createTask5() @87             - This is an TRACE level log message
16:25:43.778 ERROR app.com.solvd.deliveryservice.Main.refuel() @87             - InvalidFuelTypeException: Wrong Fuel Type
16:25:43.778 ERROR app.com.solvd.deliveryservice.Main.setMileage() @70             - InvalidAmountException: Invalid amount.
16:25:43.786 ERROR app.com.solvd.deliveryservice.Main.setFirstName() @37             - InvalidNameException: Name can't exceed of 20 characters
16:33:28.871 INFO  collections.com.solvd.deliveryservice.LinkedList.show() @52             - Driver{licenseNumber='r45443k'} Employee{employeeId='null', salary=0.0, bankAccount='null'} Person{firstName='Bowser', lastName='Pepito', age=D001}
16:33:28.879 INFO  collections.com.solvd.deliveryservice.LinkedList.show() @52             - Driver{licenseNumber='null'} Employee{employeeId='null', salary=0.0, bankAccount='null'} Person{firstName='null', lastName='null', age=null}
16:33:28.879 INFO  collections.com.solvd.deliveryservice.LinkedList.show() @52             - Driver{licenseNumber='null'} Employee{employeeId='null', salary=0.0, bankAccount='null'} Person{firstName='null', lastName='null', age=null}
16:33:28.881 INFO  collections.com.solvd.deliveryservice.LinkedList.show() @55             - Supervisor{Employee{employeeId='null', salary=0.0, bankAccount='null'} Person{firstName='Mario', lastName='null', age=null}
16:33:28.890 FATAL app.com.solvd.deliveryservice.Main.createTask5() @81             - This is an FATAL level log message!
16:33:28.890 ERROR app.com.solvd.deliveryservice.Main.createTask5() @82             - This is an ERROR level log message!
16:33:28.891 WARN  app.com.solvd.deliveryservice.Main.createTask5() @83             - This is an WARN level log message
16:33:28.891 INFO  app.com.solvd.deliveryservice.Main.createTask5() @84             - This is an INFO level log message
16:33:28.891 DEBUG app.com.solvd.deliveryservice.Main.createTask5() @85             - This is an DEBUG level log message
16:33:28.892 TRACE app.com.solvd.deliveryservice.Main.createTask5() @86             - This is an TRACE level log message
16:33:28.896 ERROR app.com.solvd.deliveryservice.Main.refuel() @87             - InvalidFuelTypeException: Wrong Fuel Type
16:33:28.897 ERROR app.com.solvd.deliveryservice.Main.setMileage() @70             - InvalidAmountException: Invalid amount.
16:33:28.897 ERROR app.com.solvd.deliveryservice.Main.setFirstName() @37             - InvalidNameException: Name can't exceed of 20 characters
16:34:25.047 INFO  collections.com.solvd.deliveryservice.LinkedList.show() @52             - Driver{licenseNumber='r45443k'} Employee{employeeId='null', salary=0.0, bankAccount='null'} Person{firstName='Bowser', lastName='Pepito', age=D001}
16:34:25.056 INFO  collections.com.solvd.deliveryservice.LinkedList.show() @52             - Driver{licenseNumber='null'} Employee{employeeId='null', salary=0.0, bankAccount='null'} Person{firstName='null', lastName='null', age=null}
16:34:25.057 INFO  collections.com.solvd.deliveryservice.LinkedList.show() @52             - Driver{licenseNumber='null'} Employee{employeeId='null', salary=0.0, bankAccount='null'} Person{firstName='null', lastName='null', age=null}
16:34:25.058 INFO  collections.com.solvd.deliveryservice.LinkedList.show() @55             - Supervisor{Employee{employeeId='null', salary=0.0, bankAccount='null'} Person{firstName='Mario', lastName='null', age=null}
16:34:25.070 FATAL app.com.solvd.deliveryservice.Main.createTask5() @81             - This is an FATAL level log message!
16:34:25.072 ERROR app.com.solvd.deliveryservice.Main.createTask5() @82             - This is an ERROR level log message!
16:34:25.074 WARN  app.com.solvd.deliveryservice.Main.createTask5() @83             - This is an WARN level log message
16:34:25.076 INFO  app.com.solvd.deliveryservice.Main.createTask5() @84             - This is an INFO level log message
16:34:25.076 DEBUG app.com.solvd.deliveryservice.Main.createTask5() @85             - This is an DEBUG level log message
16:34:25.077 TRACE app.com.solvd.deliveryservice.Main.createTask5() @86             - This is an TRACE level log message
16:34:25.082 ERROR app.com.solvd.deliveryservice.Main.refuel() @87             - InvalidFuelTypeException: Wrong Fuel Type
16:34:25.082 ERROR app.com.solvd.deliveryservice.Main.setMileage() @70             - InvalidAmountException: Invalid amount.
16:34:25.083 ERROR app.com.solvd.deliveryservice.Main.setFirstName() @37             - InvalidNameException: Name can't exceed of 20 characters
16:34:56.957 INFO  collections.com.solvd.deliveryservice.LinkedList.show() @52             - Driver{licenseNumber='r45443k'} Employee{employeeId='null', salary=0.0, bankAccount='null'} Person{firstName='Bowser', lastName='Pepito', age=D001}
16:34:56.966 INFO  collections.com.solvd.deliveryservice.LinkedList.show() @52             - Driver{licenseNumber='null'} Employee{employeeId='null', salary=0.0, bankAccount='null'} Person{firstName='null', lastName='null', age=null}
16:34:56.975 INFO  collections.com.solvd.deliveryservice.LinkedList.show() @52             - Driver{licenseNumber='null'} Employee{employeeId='null', salary=0.0, bankAccount='null'} Person{firstName='null', lastName='null', age=null}
16:34:56.976 INFO  collections.com.solvd.deliveryservice.LinkedList.show() @55             - Supervisor{Employee{employeeId='null', salary=0.0, bankAccount='null'} Person{firstName='Mario', lastName='null', age=null}
16:34:56.980 FATAL app.com.solvd.deliveryservice.Main.createTask5() @81             - This is an FATAL level log message!
16:34:56.981 ERROR app.com.solvd.deliveryservice.Main.createTask5() @82             - This is an ERROR level log message!
16:34:56.981 WARN  app.com.solvd.deliveryservice.Main.createTask5() @83             - This is an WARN level log message
16:34:56.981 INFO  app.com.solvd.deliveryservice.Main.createTask5() @84             - This is an INFO level log message
16:34:56.982 DEBUG app.com.solvd.deliveryservice.Main.createTask5() @85             - This is an DEBUG level log message
16:34:56.982 TRACE app.com.solvd.deliveryservice.Main.createTask5() @86             - This is an TRACE level log message
16:34:56.987 ERROR app.com.solvd.deliveryservice.Main.refuel() @87             - InvalidFuelTypeException: Wrong Fuel Type
16:34:56.988 ERROR app.com.solvd.deliveryservice.Main.setMileage() @70             - InvalidAmountException: Invalid amount.
16:34:56.988 ERROR app.com.solvd.deliveryservice.Main.setFirstName() @37             - InvalidNameException: Name can't exceed of 20 characters
16:35:48.671 INFO  collections.com.solvd.deliveryservice.LinkedList.show() @52             - Driver{licenseNumber='r45443k'} Employee{employeeId='null', salary=0.0, bankAccount='null'} Person{firstName='Pepito', lastName='Pepito', age=D001}
16:35:48.680 INFO  collections.com.solvd.deliveryservice.LinkedList.show() @52             - Driver{licenseNumber='null'} Employee{employeeId='null', salary=0.0, bankAccount='null'} Person{firstName='Bowser', lastName='null', age=null}
16:35:48.682 INFO  collections.com.solvd.deliveryservice.LinkedList.show() @52             - Driver{licenseNumber='null'} Employee{employeeId='null', salary=0.0, bankAccount='null'} Person{firstName='Luigi', lastName='null', age=null}
16:35:48.684 INFO  collections.com.solvd.deliveryservice.LinkedList.show() @55             - Supervisor{Employee{employeeId='null', salary=0.0, bankAccount='null'} Person{firstName='Mario', lastName='null', age=null}
16:35:48.693 FATAL app.com.solvd.deliveryservice.Main.createTask5() @81             - This is an FATAL level log message!
16:35:48.693 ERROR app.com.solvd.deliveryservice.Main.createTask5() @82             - This is an ERROR level log message!
16:35:48.694 WARN  app.com.solvd.deliveryservice.Main.createTask5() @83             - This is an WARN level log message
16:35:48.694 INFO  app.com.solvd.deliveryservice.Main.createTask5() @84             - This is an INFO level log message
16:35:48.695 DEBUG app.com.solvd.deliveryservice.Main.createTask5() @85             - This is an DEBUG level log message
16:35:48.695 TRACE app.com.solvd.deliveryservice.Main.createTask5() @86             - This is an TRACE level log message
16:35:48.700 ERROR app.com.solvd.deliveryservice.Main.refuel() @87             - InvalidFuelTypeException: Wrong Fuel Type
16:35:48.700 ERROR app.com.solvd.deliveryservice.Main.setMileage() @70             - InvalidAmountException: Invalid amount.
16:35:48.701 ERROR app.com.solvd.deliveryservice.Main.setFirstName() @37             - InvalidNameException: Name can't exceed of 20 characters
16:36:45.369 INFO  collections.com.solvd.deliveryservice.LinkedList.show() @52             - Driver{licenseNumber='null'} Employee{employeeId='null', salary=0.0, bankAccount='null'} Person{firstName='Pepito', lastName='null', age=null}
16:36:45.378 INFO  collections.com.solvd.deliveryservice.LinkedList.show() @52             - Driver{licenseNumber='null'} Employee{employeeId='null', salary=0.0, bankAccount='null'} Person{firstName='Bowser', lastName='null', age=null}
16:36:45.379 INFO  collections.com.solvd.deliveryservice.LinkedList.show() @52             - Driver{licenseNumber='null'} Employee{employeeId='null', salary=0.0, bankAccount='null'} Person{firstName='Luigi', lastName='null', age=null}
16:36:45.379 INFO  collections.com.solvd.deliveryservice.LinkedList.show() @55             - Supervisor{Employee{employeeId='null', salary=0.0, bankAccount='null'} Person{firstName='Mario', lastName='null', age=null}
16:36:45.388 FATAL app.com.solvd.deliveryservice.Main.createTask5() @82             - This is an FATAL level log message!
16:36:45.389 ERROR app.com.solvd.deliveryservice.Main.createTask5() @83             - This is an ERROR level log message!
16:36:45.389 WARN  app.com.solvd.deliveryservice.Main.createTask5() @84             - This is an WARN level log message
16:36:45.389 INFO  app.com.solvd.deliveryservice.Main.createTask5() @85             - This is an INFO level log message
16:36:45.391 DEBUG app.com.solvd.deliveryservice.Main.createTask5() @86             - This is an DEBUG level log message
16:36:45.391 TRACE app.com.solvd.deliveryservice.Main.createTask5() @87             - This is an TRACE level log message
16:36:45.394 ERROR app.com.solvd.deliveryservice.Main.refuel() @87             - InvalidFuelTypeException: Wrong Fuel Type
16:36:45.395 ERROR app.com.solvd.deliveryservice.Main.setMileage() @70             - InvalidAmountException: Invalid amount.
16:36:45.396 ERROR app.com.solvd.deliveryservice.Main.setFirstName() @37             - InvalidNameException: Name can't exceed of 20 characters
16:37:21.194 INFO  collections.com.solvd.deliveryservice.LinkedList.show() @52             - Driver{licenseNumber='null'} Employee{employeeId='null', salary=0.0, bankAccount='null'} Person{firstName='Pepito', lastName='null', age=null}
16:37:21.203 INFO  collections.com.solvd.deliveryservice.LinkedList.show() @55             - Supervisor{Employee{employeeId='null', salary=0.0, bankAccount='null'} Person{firstName='Mario', lastName='null', age=null}
16:37:21.212 FATAL app.com.solvd.deliveryservice.Main.createTask5() @82             - This is an FATAL level log message!
16:37:21.212 ERROR app.com.solvd.deliveryservice.Main.createTask5() @83             - This is an ERROR level log message!
16:37:21.213 WARN  app.com.solvd.deliveryservice.Main.createTask5() @84             - This is an WARN level log message
16:37:21.213 INFO  app.com.solvd.deliveryservice.Main.createTask5() @85             - This is an INFO level log message
16:37:21.214 DEBUG app.com.solvd.deliveryservice.Main.createTask5() @86             - This is an DEBUG level log message
16:37:21.214 TRACE app.com.solvd.deliveryservice.Main.createTask5() @87             - This is an TRACE level log message
16:37:21.220 ERROR app.com.solvd.deliveryservice.Main.refuel() @87             - InvalidFuelTypeException: Wrong Fuel Type
16:37:21.221 ERROR app.com.solvd.deliveryservice.Main.setMileage() @70             - InvalidAmountException: Invalid amount.
16:37:21.221 ERROR app.com.solvd.deliveryservice.Main.setFirstName() @37             - InvalidNameException: Name can't exceed of 20 characters
16:37:57.397 INFO  collections.com.solvd.deliveryservice.LinkedList.show() @52             - Driver{licenseNumber='null'} Employee{employeeId='null', salary=0.0, bankAccount='null'} Person{firstName='Pepito', lastName='null', age=null}
16:37:57.406 INFO  collections.com.solvd.deliveryservice.LinkedList.show() @55             - Supervisor{Employee{employeeId='null', salary=0.0, bankAccount='null'} Person{firstName='Mario', lastName='null', age=null}
16:37:57.407 INFO  collections.com.solvd.deliveryservice.LinkedList.show() @52             - Driver{licenseNumber='null'} Employee{employeeId='null', salary=0.0, bankAccount='null'} Person{firstName='Pepito', lastName='null', age=null}
16:37:57.407 INFO  collections.com.solvd.deliveryservice.LinkedList.show() @52             - Driver{licenseNumber='null'} Employee{employeeId='null', salary=0.0, bankAccount='null'} Person{firstName='Luigi', lastName='null', age=null}
16:37:57.408 INFO  collections.com.solvd.deliveryservice.LinkedList.show() @52             - Driver{licenseNumber='null'} Employee{employeeId='null', salary=0.0, bankAccount='null'} Person{firstName='Bowser', lastName='null', age=null}
16:37:57.408 INFO  collections.com.solvd.deliveryservice.LinkedList.show() @55             - Supervisor{Employee{employeeId='null', salary=0.0, bankAccount='null'} Person{firstName='Mario', lastName='null', age=null}
16:37:57.417 FATAL app.com.solvd.deliveryservice.Main.createTask5() @85             - This is an FATAL level log message!
16:37:57.417 ERROR app.com.solvd.deliveryservice.Main.createTask5() @86             - This is an ERROR level log message!
16:37:57.418 WARN  app.com.solvd.deliveryservice.Main.createTask5() @87             - This is an WARN level log message
16:37:57.418 INFO  app.com.solvd.deliveryservice.Main.createTask5() @88             - This is an INFO level log message
16:37:57.419 DEBUG app.com.solvd.deliveryservice.Main.createTask5() @89             - This is an DEBUG level log message
16:37:57.419 TRACE app.com.solvd.deliveryservice.Main.createTask5() @90             - This is an TRACE level log message
16:37:57.424 ERROR app.com.solvd.deliveryservice.Main.refuel() @87             - InvalidFuelTypeException: Wrong Fuel Type
16:37:57.424 ERROR app.com.solvd.deliveryservice.Main.setMileage() @70             - InvalidAmountException: Invalid amount.
16:37:57.425 ERROR app.com.solvd.deliveryservice.Main.setFirstName() @37             - InvalidNameException: Name can't exceed of 20 characters
16:39:05.031 INFO  collections.com.solvd.deliveryservice.LinkedList.show() @52             - Driver{licenseNumber='null'} Employee{employeeId='null', salary=0.0, bankAccount='null'} Person{firstName='Pepito', lastName='null', age=null}
16:39:05.042 INFO  collections.com.solvd.deliveryservice.LinkedList.show() @52             - Driver{licenseNumber='null'} Employee{employeeId='null', salary=0.0, bankAccount='null'} Person{firstName='Luigi', lastName='null', age=null}
16:39:05.043 INFO  collections.com.solvd.deliveryservice.LinkedList.show() @52             - Driver{licenseNumber='null'} Employee{employeeId='null', salary=0.0, bankAccount='null'} Person{firstName='Bowser', lastName='null', age=null}
16:39:05.044 INFO  collections.com.solvd.deliveryservice.LinkedList.show() @55             - Supervisor{Employee{employeeId='null', salary=0.0, bankAccount='null'} Person{firstName='Mario', lastName='null', age=null}
16:39:05.053 FATAL app.com.solvd.deliveryservice.Main.createTask5() @82             - This is an FATAL level log message!
16:39:05.054 ERROR app.com.solvd.deliveryservice.Main.createTask5() @83             - This is an ERROR level log message!
16:39:05.055 WARN  app.com.solvd.deliveryservice.Main.createTask5() @84             - This is an WARN level log message
16:39:05.055 INFO  app.com.solvd.deliveryservice.Main.createTask5() @85             - This is an INFO level log message
16:39:05.055 DEBUG app.com.solvd.deliveryservice.Main.createTask5() @86             - This is an DEBUG level log message
16:39:05.056 TRACE app.com.solvd.deliveryservice.Main.createTask5() @87             - This is an TRACE level log message
16:39:05.061 ERROR app.com.solvd.deliveryservice.Main.refuel() @87             - InvalidFuelTypeException: Wrong Fuel Type
16:39:05.062 ERROR app.com.solvd.deliveryservice.Main.setMileage() @70             - InvalidAmountException: Invalid amount.
16:39:05.062 ERROR app.com.solvd.deliveryservice.Main.setFirstName() @37             - InvalidNameException: Name can't exceed of 20 characters
16:51:17.909 INFO  collections.com.solvd.deliveryservice.LinkedList.show() @52             - Driver{licenseNumber='null'} Employee{employeeId='null', salary=0.0, bankAccount='null'} Person{firstName='Pepito', lastName='null', age=null}
16:51:17.925 INFO  collections.com.solvd.deliveryservice.LinkedList.show() @52             - Driver{licenseNumber='null'} Employee{employeeId='null', salary=0.0, bankAccount='null'} Person{firstName='Luigi', lastName='null', age=null}
16:51:17.925 INFO  collections.com.solvd.deliveryservice.LinkedList.show() @52             - Driver{licenseNumber='null'} Employee{employeeId='null', salary=0.0, bankAccount='null'} Person{firstName='Bowser', lastName='null', age=null}
16:51:17.925 INFO  collections.com.solvd.deliveryservice.LinkedList.show() @55             - Supervisor{Employee{employeeId='null', salary=0.0, bankAccount='null'} Person{firstName='Mario', lastName='null', age=null}
16:51:17.938 FATAL app.com.solvd.deliveryservice.Main.createTask5() @82             - This is an FATAL level log message!
16:51:17.938 ERROR app.com.solvd.deliveryservice.Main.createTask5() @83             - This is an ERROR level log message!
16:51:17.940 WARN  app.com.solvd.deliveryservice.Main.createTask5() @84             - This is an WARN level log message
16:51:17.940 INFO  app.com.solvd.deliveryservice.Main.createTask5() @85             - This is an INFO level log message
16:51:17.941 DEBUG app.com.solvd.deliveryservice.Main.createTask5() @86             - This is an DEBUG level log message
16:51:17.941 TRACE app.com.solvd.deliveryservice.Main.createTask5() @87             - This is an TRACE level log message
16:51:17.941 ERROR app.com.solvd.deliveryservice.Main.refuel() @87             - InvalidFuelTypeException: Wrong Fuel Type
16:51:17.941 ERROR app.com.solvd.deliveryservice.Main.setMileage() @70             - InvalidAmountException: Invalid amount.
16:51:17.941 ERROR app.com.solvd.deliveryservice.Main.setId() @35             - InvalidIDException: Can't use this ID.
16:51:17.941 ERROR app.com.solvd.deliveryservice.Main.setFirstName() @37             - InvalidNameException: Name can't exceed of 20 characters
17:04:13.266 INFO  collections.com.solvd.deliveryservice.LinkedList.show() @52             - Driver{licenseNumber='null'} Employee{employeeId='null', salary=0.0, bankAccount='null'} Person{firstName='Pepito', lastName='null', age=null}
17:04:13.278 INFO  collections.com.solvd.deliveryservice.LinkedList.show() @52             - Driver{licenseNumber='null'} Employee{employeeId='null', salary=0.0, bankAccount='null'} Person{firstName='Luigi', lastName='null', age=null}
17:04:13.280 INFO  collections.com.solvd.deliveryservice.LinkedList.show() @52             - Driver{licenseNumber='null'} Employee{employeeId='null', salary=0.0, bankAccount='null'} Person{firstName='Bowser', lastName='null', age=null}
17:04:13.280 INFO  collections.com.solvd.deliveryservice.LinkedList.show() @55             - Supervisor{Employee{employeeId='null', salary=0.0, bankAccount='null'} Person{firstName='Mario', lastName='null', age=null}
17:04:13.290 FATAL app.com.solvd.deliveryservice.Main.createTask5() @82             - This is an FATAL level log message!
17:04:13.290 ERROR app.com.solvd.deliveryservice.Main.createTask5() @83             - This is an ERROR level log message!
17:04:13.290 WARN  app.com.solvd.deliveryservice.Main.createTask5() @84             - This is an WARN level log message
17:04:13.292 INFO  app.com.solvd.deliveryservice.Main.createTask5() @85             - This is an INFO level log message
17:04:13.293 DEBUG app.com.solvd.deliveryservice.Main.createTask5() @86             - This is an DEBUG level log message
17:04:13.293 TRACE app.com.solvd.deliveryservice.Main.createTask5() @87             - This is an TRACE level log message
17:04:13.297 ERROR app.com.solvd.deliveryservice.Main.refuel() @87             - InvalidFuelTypeException: Wrong Fuel Type
17:04:13.297 ERROR app.com.solvd.deliveryservice.Main.setMileage() @70             - InvalidAmountException: Invalid amount.
17:04:13.297 ERROR app.com.solvd.deliveryservice.Main.setId() @35             - InvalidIDException: Can't use this ID.
17:04:13.297 ERROR app.com.solvd.deliveryservice.Main.setFirstName() @37             - InvalidNameException: Name can't exceed of 20 characters
17:14:19.976 INFO  collections.com.solvd.deliveryservice.LinkedList.show() @52             - Driver{licenseNumber='null'} Employee{employeeId='null', salary=0.0, bankAccount='null'} Person{firstName='Pepito', lastName='null', age=null}
17:14:19.988 INFO  collections.com.solvd.deliveryservice.LinkedList.show() @52             - Driver{licenseNumber='null'} Employee{employeeId='null', salary=0.0, bankAccount='null'} Person{firstName='Luigi', lastName='null', age=null}
17:14:19.988 INFO  collections.com.solvd.deliveryservice.LinkedList.show() @52             - Driver{licenseNumber='null'} Employee{employeeId='null', salary=0.0, bankAccount='null'} Person{firstName='Bowser', lastName='null', age=null}
17:14:19.988 INFO  collections.com.solvd.deliveryservice.LinkedList.show() @55             - Supervisor{Employee{employeeId='null', salary=0.0, bankAccount='null'} Person{firstName='Mario', lastName='null', age=null}
17:14:19.999 INFO  collections.com.solvd.deliveryservice.PeopleLinkedList.show() @56             - Driver{licenseNumber='null'} Employee{employeeId='null', salary=0.0, bankAccount='null'} Person{firstName='Luigi', lastName='null', age=null}
17:14:20.000 FATAL app.com.solvd.deliveryservice.Main.createTask5() @86             - This is an FATAL level log message!
17:14:20.003 ERROR app.com.solvd.deliveryservice.Main.createTask5() @87             - This is an ERROR level log message!
17:14:20.003 WARN  app.com.solvd.deliveryservice.Main.createTask5() @88             - This is an WARN level log message
17:14:20.003 INFO  app.com.solvd.deliveryservice.Main.createTask5() @89             - This is an INFO level log message
17:14:20.003 DEBUG app.com.solvd.deliveryservice.Main.createTask5() @90             - This is an DEBUG level log message
17:14:20.003 TRACE app.com.solvd.deliveryservice.Main.createTask5() @91             - This is an TRACE level log message
17:14:20.003 ERROR app.com.solvd.deliveryservice.Main.refuel() @87             - InvalidFuelTypeException: Wrong Fuel Type
17:14:20.011 ERROR app.com.solvd.deliveryservice.Main.setMileage() @70             - InvalidAmountException: Invalid amount.
17:14:20.011 ERROR app.com.solvd.deliveryservice.Main.setId() @35             - InvalidIDException: Can't use this ID.
17:14:20.012 ERROR app.com.solvd.deliveryservice.Main.setFirstName() @37             - InvalidNameException: Name can't exceed of 20 characters
17:22:17.764 INFO  collections.com.solvd.deliveryservice.LinkedList.show() @52             - Driver{licenseNumber='null'} Employee{employeeId='null', salary=0.0, bankAccount='null'} Person{firstName='Pepito', lastName='null', age=null}
17:22:17.767 INFO  collections.com.solvd.deliveryservice.LinkedList.show() @52             - Driver{licenseNumber='null'} Employee{employeeId='null', salary=0.0, bankAccount='null'} Person{firstName='Luigi', lastName='null', age=null}
17:22:17.768 INFO  collections.com.solvd.deliveryservice.LinkedList.show() @52             - Driver{licenseNumber='null'} Employee{employeeId='null', salary=0.0, bankAccount='null'} Person{firstName='Bowser', lastName='null', age=null}
17:22:17.768 INFO  collections.com.solvd.deliveryservice.LinkedList.show() @55             - Supervisor{Employee{employeeId='null', salary=0.0, bankAccount='null'} Person{firstName='Mario', lastName='null', age=null}
17:22:17.769 INFO  collections.com.solvd.deliveryservice.PeopleLinkedList.show() @56             - Driver{licenseNumber='null'} Employee{employeeId='null', salary=0.0, bankAccount='null'} Person{firstName='Luigi', lastName='null', age=null}
17:22:17.771 FATAL app.com.solvd.deliveryservice.Main.createTask5() @86             - This is an FATAL level log message!
17:22:17.771 ERROR app.com.solvd.deliveryservice.Main.createTask5() @87             - This is an ERROR level log message!
17:22:17.771 WARN  app.com.solvd.deliveryservice.Main.createTask5() @88             - This is an WARN level log message
17:22:17.771 INFO  app.com.solvd.deliveryservice.Main.createTask5() @89             - This is an INFO level log message
17:22:17.772 DEBUG app.com.solvd.deliveryservice.Main.createTask5() @90             - This is an DEBUG level log message
17:22:17.772 TRACE app.com.solvd.deliveryservice.Main.createTask5() @91             - This is an TRACE level log message
17:22:17.773 ERROR app.com.solvd.deliveryservice.Main.refuel() @87             - InvalidFuelTypeException: Wrong Fuel Type
17:22:17.774 ERROR app.com.solvd.deliveryservice.Main.setMileage() @70             - InvalidAmountException: Invalid amount.
17:22:17.774 ERROR app.com.solvd.deliveryservice.Main.setId() @35             - InvalidIDException: Can't use this ID.
17:22:17.774 ERROR app.com.solvd.deliveryservice.Main.setFirstName() @37             - InvalidNameException: Name can't exceed of 20 characters
17:23:55.936 INFO  collections.com.solvd.deliveryservice.LinkedList.show() @52             - Driver{licenseNumber='null'} Employee{employeeId='null', salary=0.0, bankAccount='null'} Person{firstName='Pepito', lastName='null', age=null}
17:23:55.940 INFO  collections.com.solvd.deliveryservice.LinkedList.show() @52             - Driver{licenseNumber='null'} Employee{employeeId='null', salary=0.0, bankAccount='null'} Person{firstName='Luigi', lastName='null', age=null}
17:23:55.940 INFO  collections.com.solvd.deliveryservice.LinkedList.show() @52             - Driver{licenseNumber='null'} Employee{employeeId='null', salary=0.0, bankAccount='null'} Person{firstName='Bowser', lastName='null', age=null}
17:23:55.941 INFO  collections.com.solvd.deliveryservice.LinkedList.show() @55             - Supervisor{Employee{employeeId='null', salary=0.0, bankAccount='null'} Person{firstName='Mario', lastName='null', age=null}
17:23:55.941 INFO  collections.com.solvd.deliveryservice.PeopleLinkedList.show() @56             - Driver{licenseNumber='null'} Employee{employeeId='null', salary=0.0, bankAccount='null'} Person{firstName='Luigi', lastName='null', age=null}
17:23:55.943 FATAL app.com.solvd.deliveryservice.Main.createTask5() @86             - This is an FATAL level log message!
17:23:55.943 ERROR app.com.solvd.deliveryservice.Main.createTask5() @87             - This is an ERROR level log message!
17:23:55.943 WARN  app.com.solvd.deliveryservice.Main.createTask5() @88             - This is an WARN level log message
17:23:55.944 INFO  app.com.solvd.deliveryservice.Main.createTask5() @89             - This is an INFO level log message
17:23:55.944 DEBUG app.com.solvd.deliveryservice.Main.createTask5() @90             - This is an DEBUG level log message
17:23:55.944 TRACE app.com.solvd.deliveryservice.Main.createTask5() @91             - This is an TRACE level log message
17:23:55.945 ERROR app.com.solvd.deliveryservice.Main.refuel() @87             - InvalidFuelTypeException: Wrong Fuel Type
17:23:55.946 ERROR app.com.solvd.deliveryservice.Main.setMileage() @70             - InvalidAmountException: Invalid amount.
17:23:55.946 ERROR app.com.solvd.deliveryservice.Main.setId() @35             - InvalidIDException: Can't use this ID.
17:23:55.946 ERROR app.com.solvd.deliveryservice.Main.setFirstName() @37             - InvalidNameException: Name can't exceed of 20 characters
17:24:49.134 INFO  collections.com.solvd.deliveryservice.LinkedList.show() @52             - Driver{licenseNumber='null'} Employee{employeeId='null', salary=0.0, bankAccount='null'} Person{firstName='Pepito', lastName='null', age=null}
17:24:49.137 INFO  collections.com.solvd.deliveryservice.LinkedList.show() @52             - Driver{licenseNumber='null'} Employee{employeeId='null', salary=0.0, bankAccount='null'} Person{firstName='Luigi', lastName='null', age=null}
17:24:49.137 INFO  collections.com.solvd.deliveryservice.LinkedList.show() @52             - Driver{licenseNumber='null'} Employee{employeeId='null', salary=0.0, bankAccount='null'} Person{firstName='Bowser', lastName='null', age=null}
17:24:49.137 INFO  collections.com.solvd.deliveryservice.LinkedList.show() @55             - Supervisor{Employee{employeeId='null', salary=0.0, bankAccount='null'} Person{firstName='Mario', lastName='null', age=null}
17:24:49.138 INFO  collections.com.solvd.deliveryservice.PeopleLinkedList.show() @56             - Driver{licenseNumber='null'} Employee{employeeId='null', salary=0.0, bankAccount='null'} Person{firstName='Luigi', lastName='null', age=null}
17:24:49.139 FATAL app.com.solvd.deliveryservice.Main.createTask5() @86             - This is an FATAL level log message!
17:24:49.140 ERROR app.com.solvd.deliveryservice.Main.createTask5() @87             - This is an ERROR level log message!
17:24:49.140 WARN  app.com.solvd.deliveryservice.Main.createTask5() @88             - This is an WARN level log message
17:24:49.140 INFO  app.com.solvd.deliveryservice.Main.createTask5() @89             - This is an INFO level log message
17:24:49.140 DEBUG app.com.solvd.deliveryservice.Main.createTask5() @90             - This is an DEBUG level log message
17:24:49.141 TRACE app.com.solvd.deliveryservice.Main.createTask5() @91             - This is an TRACE level log message
17:24:49.142 ERROR app.com.solvd.deliveryservice.Main.refuel() @87             - InvalidFuelTypeException: Wrong Fuel Type
17:24:49.142 ERROR app.com.solvd.deliveryservice.Main.setMileage() @70             - InvalidAmountException: Invalid amount.
17:24:49.142 ERROR app.com.solvd.deliveryservice.Main.setId() @35             - InvalidIDException: Can't use this ID.
17:24:49.143 ERROR app.com.solvd.deliveryservice.Main.setFirstName() @37             - InvalidNameException: Name can't exceed of 20 characters
17:24:57.420 INFO  collections.com.solvd.deliveryservice.LinkedList.show() @52             - Driver{licenseNumber='null'} Employee{employeeId='null', salary=0.0, bankAccount='null'} Person{firstName='Pepito', lastName='null', age=null}
17:24:57.423 INFO  collections.com.solvd.deliveryservice.LinkedList.show() @52             - Driver{licenseNumber='null'} Employee{employeeId='null', salary=0.0, bankAccount='null'} Person{firstName='Luigi', lastName='null', age=null}
17:24:57.423 INFO  collections.com.solvd.deliveryservice.LinkedList.show() @52             - Driver{licenseNumber='null'} Employee{employeeId='null', salary=0.0, bankAccount='null'} Person{firstName='Bowser', lastName='null', age=null}
17:24:57.423 INFO  collections.com.solvd.deliveryservice.LinkedList.show() @55             - Supervisor{Employee{employeeId='null', salary=0.0, bankAccount='null'} Person{firstName='Mario', lastName='null', age=null}
17:24:57.424 INFO  collections.com.solvd.deliveryservice.PeopleLinkedList.show() @56             - Driver{licenseNumber='null'} Employee{employeeId='null', salary=0.0, bankAccount='null'} Person{firstName='Luigi', lastName='null', age=null}
17:24:57.425 FATAL app.com.solvd.deliveryservice.Main.createTask5() @86             - This is an FATAL level log message!
17:24:57.426 ERROR app.com.solvd.deliveryservice.Main.createTask5() @87             - This is an ERROR level log message!
17:24:57.426 WARN  app.com.solvd.deliveryservice.Main.createTask5() @88             - This is an WARN level log message
17:24:57.426 INFO  app.com.solvd.deliveryservice.Main.createTask5() @89             - This is an INFO level log message
17:24:57.427 DEBUG app.com.solvd.deliveryservice.Main.createTask5() @90             - This is an DEBUG level log message
17:24:57.427 TRACE app.com.solvd.deliveryservice.Main.createTask5() @91             - This is an TRACE level log message
17:24:57.428 ERROR app.com.solvd.deliveryservice.Main.refuel() @87             - InvalidFuelTypeException: Wrong Fuel Type
17:24:57.428 ERROR app.com.solvd.deliveryservice.Main.setMileage() @70             - InvalidAmountException: Invalid amount.
17:24:57.428 ERROR app.com.solvd.deliveryservice.Main.setId() @35             - InvalidIDException: Can't use this ID.
17:24:57.429 ERROR app.com.solvd.deliveryservice.Main.setFirstName() @37             - InvalidNameException: Name can't exceed of 20 characters
17:34:01.490 INFO  collections.com.solvd.deliveryservice.LinkedList.show() @52             - Driver{licenseNumber='null'} Employee{employeeId='null', salary=0.0, bankAccount='null'} Person{firstName='Pepito', lastName='null', age=null}
17:34:01.500 INFO  collections.com.solvd.deliveryservice.LinkedList.show() @52             - Driver{licenseNumber='null'} Employee{employeeId='null', salary=0.0, bankAccount='null'} Person{firstName='Luigi', lastName='null', age=null}
17:34:01.506 INFO  collections.com.solvd.deliveryservice.LinkedList.show() @52             - Driver{licenseNumber='null'} Employee{employeeId='null', salary=0.0, bankAccount='null'} Person{firstName='Bowser', lastName='null', age=null}
17:34:01.507 INFO  collections.com.solvd.deliveryservice.LinkedList.show() @55             - Supervisor{Employee{employeeId='null', salary=0.0, bankAccount='null'} Person{firstName='Mario', lastName='null', age=null}
17:34:01.508 INFO  collections.com.solvd.deliveryservice.PeopleLinkedList.show() @56             - Driver{licenseNumber='null'} Employee{employeeId='null', salary=0.0, bankAccount='null'} Person{firstName='Luigi', lastName='null', age=null}
17:34:01.513 FATAL app.com.solvd.deliveryservice.Main.createTask5() @86             - This is an FATAL level log message!
17:34:01.513 ERROR app.com.solvd.deliveryservice.Main.createTask5() @87             - This is an ERROR level log message!
17:34:01.513 WARN  app.com.solvd.deliveryservice.Main.createTask5() @88             - This is an WARN level log message
17:34:01.514 INFO  app.com.solvd.deliveryservice.Main.createTask5() @89             - This is an INFO level log message
17:34:01.514 DEBUG app.com.solvd.deliveryservice.Main.createTask5() @90             - This is an DEBUG level log message
17:34:01.515 TRACE app.com.solvd.deliveryservice.Main.createTask5() @91             - This is an TRACE level log message
17:34:01.520 ERROR app.com.solvd.deliveryservice.Main.refuel() @87             - InvalidFuelTypeException: Wrong Fuel Type
17:34:01.520 ERROR app.com.solvd.deliveryservice.Main.setMileage() @70             - InvalidAmountException: Invalid amount.
17:34:01.521 ERROR app.com.solvd.deliveryservice.Main.setId() @35             - InvalidIDException: Can't use this ID.
17:34:01.521 ERROR app.com.solvd.deliveryservice.Main.setFirstName() @37             - InvalidNameException: Name can't exceed of 20 characters
17:34:53.865 INFO  collections.com.solvd.deliveryservice.LinkedList.show() @52             - Driver{licenseNumber='null'} Employee{employeeId='null', salary=0.0, bankAccount='null'} Person{firstName='Pepito', lastName='null', age=null}
17:34:53.868 INFO  collections.com.solvd.deliveryservice.LinkedList.show() @52             - Driver{licenseNumber='null'} Employee{employeeId='null', salary=0.0, bankAccount='null'} Person{firstName='Luigi', lastName='null', age=null}
17:34:53.868 INFO  collections.com.solvd.deliveryservice.LinkedList.show() @52             - Driver{licenseNumber='null'} Employee{employeeId='null', salary=0.0, bankAccount='null'} Person{firstName='Bowser', lastName='null', age=null}
17:34:53.869 INFO  collections.com.solvd.deliveryservice.LinkedList.show() @55             - Supervisor{Employee{employeeId='null', salary=0.0, bankAccount='null'} Person{firstName='Mario', lastName='null', age=null}
17:34:53.869 INFO  collections.com.solvd.deliveryservice.PeopleLinkedList.show() @56             - Driver{licenseNumber='null'} Employee{employeeId='null', salary=0.0, bankAccount='null'} Person{firstName='Luigi', lastName='null', age=null}
17:34:53.871 FATAL app.com.solvd.deliveryservice.Main.createTask5() @86             - This is an FATAL level log message!
17:34:53.871 ERROR app.com.solvd.deliveryservice.Main.createTask5() @87             - This is an ERROR level log message!
17:34:53.871 WARN  app.com.solvd.deliveryservice.Main.createTask5() @88             - This is an WARN level log message
17:34:53.871 INFO  app.com.solvd.deliveryservice.Main.createTask5() @89             - This is an INFO level log message
17:34:53.872 DEBUG app.com.solvd.deliveryservice.Main.createTask5() @90             - This is an DEBUG level log message
17:34:53.872 TRACE app.com.solvd.deliveryservice.Main.createTask5() @91             - This is an TRACE level log message
17:34:53.873 ERROR app.com.solvd.deliveryservice.Main.refuel() @87             - InvalidFuelTypeException: Wrong Fuel Type
17:34:53.873 ERROR app.com.solvd.deliveryservice.Main.setMileage() @70             - InvalidAmountException: Invalid amount.
17:34:53.874 ERROR app.com.solvd.deliveryservice.Main.setId() @35             - InvalidIDException: Can't use this ID.
17:34:53.874 ERROR app.com.solvd.deliveryservice.Main.setFirstName() @37             - InvalidNameException: Name can't exceed of 20 characters
21:20:28.482 INFO  collections.com.solvd.deliveryservice.LinkedList.show() @52             - Driver{licenseNumber='null'} Employee{employeeId='null', salary=0.0, bankAccount='null'} Person{firstName='Pepito', lastName='null', age=null}
21:20:28.500 INFO  collections.com.solvd.deliveryservice.LinkedList.show() @52             - Driver{licenseNumber='null'} Employee{employeeId='null', salary=0.0, bankAccount='null'} Person{firstName='Luigi', lastName='null', age=null}
21:20:28.501 INFO  collections.com.solvd.deliveryservice.LinkedList.show() @52             - Driver{licenseNumber='null'} Employee{employeeId='null', salary=0.0, bankAccount='null'} Person{firstName='Bowser', lastName='null', age=null}
21:20:28.503 INFO  collections.com.solvd.deliveryservice.LinkedList.show() @55             - Supervisor{Employee{employeeId='null', salary=0.0, bankAccount='null'} Person{firstName='Mario', lastName='null', age=null}
21:20:28.505 INFO  collections.com.solvd.deliveryservice.PeopleLinkedList.show() @56             - Driver{licenseNumber='null'} Employee{employeeId='null', salary=0.0, bankAccount='null'} Person{firstName='Luigi', lastName='null', age=null}
21:20:28.510 FATAL app.com.solvd.deliveryservice.Main.createTask5() @86             - This is an FATAL level log message!
21:20:28.511 ERROR app.com.solvd.deliveryservice.Main.createTask5() @87             - This is an ERROR level log message!
21:20:28.511 WARN  app.com.solvd.deliveryservice.Main.createTask5() @88             - This is an WARN level log message
21:20:28.512 INFO  app.com.solvd.deliveryservice.Main.createTask5() @89             - This is an INFO level log message
21:20:28.512 DEBUG app.com.solvd.deliveryservice.Main.createTask5() @90             - This is an DEBUG level log message
21:20:28.513 TRACE app.com.solvd.deliveryservice.Main.createTask5() @91             - This is an TRACE level log message
21:20:28.515 ERROR app.com.solvd.deliveryservice.Main.refuel() @85             - InvalidFuelTypeException: Wrong Fuel Type
21:20:28.515 ERROR app.com.solvd.deliveryservice.Main.setMileage() @68             - InvalidAmountException: Invalid amount.
21:20:28.516 ERROR app.com.solvd.deliveryservice.Main.setId() @33             - InvalidIDException: Can't use this ID.
21:20:28.516 ERROR app.com.solvd.deliveryservice.Main.setFirstName() @37             - InvalidNameException: Name can't exceed of 20 characters
21:37:05.304 INFO  collections.com.solvd.deliveryservice.LinkedList.show() @52             - Driver{licenseNumber='null'} Employee{employeeId='null', salary=0.0, bankAccount='null'} Person{firstName='Pepito', lastName='null', age=null}
21:37:05.307 INFO  collections.com.solvd.deliveryservice.LinkedList.show() @52             - Driver{licenseNumber='null'} Employee{employeeId='null', salary=0.0, bankAccount='null'} Person{firstName='Luigi', lastName='null', age=null}
21:37:05.308 INFO  collections.com.solvd.deliveryservice.LinkedList.show() @52             - Driver{licenseNumber='null'} Employee{employeeId='null', salary=0.0, bankAccount='null'} Person{firstName='Bowser', lastName='null', age=null}
21:37:05.308 INFO  collections.com.solvd.deliveryservice.LinkedList.show() @55             - Supervisor{Employee{employeeId='null', salary=0.0, bankAccount='null'} Person{firstName='Mario', lastName='null', age=null}
21:37:05.309 INFO  collections.com.solvd.deliveryservice.PeopleLinkedList.show() @56             - Driver{licenseNumber='null'} Employee{employeeId='null', salary=0.0, bankAccount='null'} Person{firstName='Luigi', lastName='null', age=null}
21:37:05.311 FATAL app.com.solvd.deliveryservice.Main.createTask5() @86             - This is an FATAL level log message!
21:37:05.311 ERROR app.com.solvd.deliveryservice.Main.createTask5() @87             - This is an ERROR level log message!
21:37:05.312 WARN  app.com.solvd.deliveryservice.Main.createTask5() @88             - This is an WARN level log message
21:37:05.312 INFO  app.com.solvd.deliveryservice.Main.createTask5() @89             - This is an INFO level log message
21:37:05.312 DEBUG app.com.solvd.deliveryservice.Main.createTask5() @90             - This is an DEBUG level log message
21:37:05.312 TRACE app.com.solvd.deliveryservice.Main.createTask5() @91             - This is an TRACE level log message
21:37:05.313 ERROR app.com.solvd.deliveryservice.Main.refuel() @85             - InvalidFuelTypeException: Wrong Fuel Type
21:37:05.314 ERROR app.com.solvd.deliveryservice.Main.setMileage() @68             - InvalidAmountException: Invalid amount.
21:37:05.314 ERROR app.com.solvd.deliveryservice.Main.setId() @33             - InvalidIDException: Can't use this ID.
21:37:05.314 ERROR app.com.solvd.deliveryservice.Main.setFirstName() @37             - InvalidNameException: Name can't exceed of 20 characters
21:38:47.349 INFO  collections.com.solvd.deliveryservice.LinkedList.show() @52             - Driver{licenseNumber='null'} Employee{employeeId='null', salary=0.0, bankAccount='null'} Person{firstName='Pepito', lastName='null', age=null}
21:38:47.364 INFO  collections.com.solvd.deliveryservice.LinkedList.show() @52             - Driver{licenseNumber='null'} Employee{employeeId='null', salary=0.0, bankAccount='null'} Person{firstName='Luigi', lastName='null', age=null}
21:38:47.365 INFO  collections.com.solvd.deliveryservice.LinkedList.show() @52             - Driver{licenseNumber='null'} Employee{employeeId='null', salary=0.0, bankAccount='null'} Person{firstName='Bowser', lastName='null', age=null}
21:38:47.365 INFO  collections.com.solvd.deliveryservice.LinkedList.show() @55             - Supervisor{Employee{employeeId='null', salary=0.0, bankAccount='null'} Person{firstName='Mario', lastName='null', age=null}
21:38:47.367 INFO  collections.com.solvd.deliveryservice.PeopleLinkedList.show() @56             - Driver{licenseNumber='null'} Employee{employeeId='null', salary=0.0, bankAccount='null'} Person{firstName='Luigi', lastName='null', age=null}
21:38:47.371 FATAL app.com.solvd.deliveryservice.Main.createTask5() @86             - This is an FATAL level log message!
21:38:47.372 ERROR app.com.solvd.deliveryservice.Main.createTask5() @87             - This is an ERROR level log message!
21:38:47.372 WARN  app.com.solvd.deliveryservice.Main.createTask5() @88             - This is an WARN level log message
21:38:47.373 INFO  app.com.solvd.deliveryservice.Main.createTask5() @89             - This is an INFO level log message
21:38:47.374 DEBUG app.com.solvd.deliveryservice.Main.createTask5() @90             - This is an DEBUG level log message
21:38:47.374 TRACE app.com.solvd.deliveryservice.Main.createTask5() @91             - This is an TRACE level log message
21:38:47.377 ERROR app.com.solvd.deliveryservice.Main.refuel() @85             - InvalidFuelTypeException: Wrong Fuel Type
21:38:47.377 ERROR app.com.solvd.deliveryservice.Main.setMileage() @68             - InvalidAmountException: Invalid amount.
21:38:47.377 ERROR app.com.solvd.deliveryservice.Main.setId() @33             - InvalidIDException: Can't use this ID.
21:38:47.378 ERROR app.com.solvd.deliveryservice.Main.setFirstName() @37             - InvalidNameException: Name can't exceed of 20 characters
